{"/mnt/c/Users/muliengineer/AquaSentinel/Backend/src/app.ts": {"path":"/mnt/c/Users/muliengineer/AquaSentinel/Backend/src/app.ts","statementMap":{"0":{"start":{"line":1,"column":0},"end":{"line":1,"column":24}},"1":{"start":{"line":2,"column":0},"end":{"line":2,"column":28}},"2":{"start":{"line":3,"column":0},"end":{"line":3,"column":30}},"3":{"start":{"line":4,"column":0},"end":{"line":4,"column":24}},"4":{"start":{"line":5,"column":0},"end":{"line":5,"column":46}},"5":{"start":{"line":6,"column":0},"end":{"line":6,"column":56}},"6":{"start":{"line":7,"column":0},"end":{"line":7,"column":46}},"7":{"start":{"line":8,"column":0},"end":{"line":8,"column":52}},"8":{"start":{"line":10,"column":12},"end":{"line":10,"column":21}},"9":{"start":{"line":11,"column":18},"end":{"line":11,"column":32}},"10":{"start":{"line":12,"column":0},"end":{"line":12,"column":16}},"11":{"start":{"line":15,"column":0},"end":{"line":20,"column":4}},"12":{"start":{"line":22,"column":0},"end":{"line":22,"column":24}},"13":{"start":{"line":25,"column":0},"end":{"line":25,"column":59}},"14":{"start":{"line":29,"column":0},"end":{"line":29,"column":29}},"15":{"start":{"line":30,"column":0},"end":{"line":30,"column":30}},"16":{"start":{"line":31,"column":0},"end":{"line":31,"column":44}},"17":{"start":{"line":32,"column":0},"end":{"line":32,"column":40}},"18":{"start":{"line":35,"column":0},"end":{"line":35,"column":69}},"19":{"start":{"line":36,"column":0},"end":{"line":36,"column":77}},"20":{"start":{"line":39,"column":0},"end":{"line":52,"column":3}},"21":{"start":{"line":40,"column":4},"end":{"line":51,"column":5}},"22":{"start":{"line":48,"column":8},"end":{"line":48,"column":70}},"23":{"start":{"line":50,"column":8},"end":{"line":50,"column":15}},"24":{"start":{"line":55,"column":0},"end":{"line":55,"column":19}}},"fnMap":{"0":{"name":"(anonymous_1)","decl":{"start":{"line":39,"column":19},"end":{"line":39,"column":20}},"loc":{"start":{"line":39,"column":38},"end":{"line":52,"column":1}}}},"branchMap":{"0":{"loc":{"start":{"line":40,"column":4},"end":{"line":51,"column":5}},"type":"if","locations":[{"start":{"line":40,"column":4},"end":{"line":51,"column":5}},{"start":{"line":49,"column":11},"end":{"line":51,"column":5}}]},"1":{"loc":{"start":{"line":41,"column":8},"end":{"line":46,"column":30}},"type":"binary-expr","locations":[{"start":{"line":41,"column":8},"end":{"line":41,"column":28}},{"start":{"line":42,"column":8},"end":{"line":42,"column":35}},{"start":{"line":43,"column":8},"end":{"line":43,"column":36}},{"start":{"line":44,"column":8},"end":{"line":44,"column":37}},{"start":{"line":45,"column":8},"end":{"line":45,"column":39}},{"start":{"line":46,"column":8},"end":{"line":46,"column":30}}]}},"s":{"0":2,"1":2,"2":2,"3":2,"4":2,"5":2,"6":2,"7":2,"8":2,"9":2,"10":2,"11":2,"12":2,"13":2,"14":2,"15":2,"16":2,"17":2,"18":2,"19":2,"20":2,"21":0,"22":0,"23":0,"24":2},"f":{"0":0},"b":{"0":[0,0],"1":[0,0,0,0,0,0]}}
,"/mnt/c/Users/muliengineer/AquaSentinel/Backend/src/config/db.ts": {"path":"/mnt/c/Users/muliengineer/AquaSentinel/Backend/src/config/db.ts","statementMap":{"0":{"start":{"line":1,"column":0},"end":{"line":1,"column":26}},"1":{"start":{"line":2,"column":0},"end":{"line":2,"column":28}},"2":{"start":{"line":4,"column":0},"end":{"line":4,"column":16}},"3":{"start":{"line":10,"column":0},"end":{"line":15,"column":3}}},"fnMap":{},"branchMap":{},"s":{"0":2,"1":2,"2":2,"3":2},"f":{},"b":{}}
,"/mnt/c/Users/muliengineer/AquaSentinel/Backend/src/config/mqttClient.ts": {"path":"/mnt/c/Users/muliengineer/AquaSentinel/Backend/src/config/mqttClient.ts","statementMap":{"0":{"start":{"line":1,"column":0},"end":{"line":1,"column":40}},"1":{"start":{"line":2,"column":0},"end":{"line":2,"column":28}},"2":{"start":{"line":4,"column":0},"end":{"line":4,"column":16}},"3":{"start":{"line":6,"column":18},"end":{"line":6,"column":52}},"4":{"start":{"line":7,"column":17},"end":{"line":7,"column":38}},"5":{"start":{"line":9,"column":31},"end":{"line":17,"column":2}},"6":{"start":{"line":33,"column":9},"end":{"line":33,"column":19}},"7":{"start":{"line":19,"column":32},"end":{"line":19,"column":36}},"8":{"start":{"line":33,"column":21},"end":{"line":33,"column":31}},"9":{"start":{"line":23,"column":0},"end":{"line":27,"column":3}},"10":{"start":{"line":24,"column":4},"end":{"line":26,"column":5}},"11":{"start":{"line":25,"column":8},"end":{"line":25,"column":40}},"12":{"start":{"line":29,"column":0},"end":{"line":31,"column":3}},"13":{"start":{"line":30,"column":4},"end":{"line":30,"column":59}}},"fnMap":{"0":{"name":"(anonymous_1)","decl":{"start":{"line":23,"column":25},"end":{"line":23,"column":26}},"loc":{"start":{"line":23,"column":44},"end":{"line":27,"column":1}}},"1":{"name":"(anonymous_2)","decl":{"start":{"line":29,"column":23},"end":{"line":29,"column":24}},"loc":{"start":{"line":29,"column":31},"end":{"line":31,"column":1}}}},"branchMap":{"0":{"loc":{"start":{"line":11,"column":19},"end":{"line":11,"column":50}},"type":"binary-expr","locations":[{"start":{"line":11,"column":19},"end":{"line":11,"column":40}},{"start":{"line":11,"column":44},"end":{"line":11,"column":50}}]},"1":{"loc":{"start":{"line":24,"column":4},"end":{"line":26,"column":5}},"type":"if","locations":[{"start":{"line":24,"column":4},"end":{"line":26,"column":5}},{"start":{},"end":{}}]}},"s":{"0":2,"1":2,"2":2,"3":2,"4":2,"5":2,"6":2,"7":2,"8":2,"9":2,"10":0,"11":0,"12":2,"13":0},"f":{"0":0,"1":0},"b":{"0":[2,0],"1":[0,0]}}
,"/mnt/c/Users/muliengineer/AquaSentinel/Backend/src/config/pumpSession.getter.tsx": {"path":"/mnt/c/Users/muliengineer/AquaSentinel/Backend/src/config/pumpSession.getter.tsx","statementMap":{"0":{"start":{"line":3,"column":0},"end":{"line":3,"column":16}},"1":{"start":{"line":7,"column":0},"end":{"line":7,"column":16}},"2":{"start":{"line":1,"column":30},"end":{"line":1,"column":34}},"3":{"start":{"line":4,"column":4},"end":{"line":4,"column":33}},"4":{"start":{"line":8,"column":4},"end":{"line":8,"column":30}}},"fnMap":{"0":{"name":"setLatestPumpSession","decl":{"start":{"line":3,"column":16},"end":{"line":3,"column":36}},"loc":{"start":{"line":3,"column":49},"end":{"line":5,"column":1}}},"1":{"name":"getLatestPumpSession","decl":{"start":{"line":7,"column":16},"end":{"line":7,"column":36}},"loc":{"start":{"line":7,"column":36},"end":{"line":9,"column":1}}}},"branchMap":{},"s":{"0":2,"1":2,"2":2,"3":0,"4":0},"f":{"0":0,"1":0},"b":{}}
,"/mnt/c/Users/muliengineer/AquaSentinel/Backend/src/controllers/auth.controller.ts": {"path":"/mnt/c/Users/muliengineer/AquaSentinel/Backend/src/controllers/auth.controller.ts","statementMap":{"0":{"start":{"line":1,"column":0},"end":{"line":1,"column":28}},"1":{"start":{"line":3,"column":0},"end":{"line":3,"column":47}},"2":{"start":{"line":4,"column":0},"end":{"line":4,"column":34}},"3":{"start":{"line":5,"column":0},"end":{"line":5,"column":54}},"4":{"start":{"line":6,"column":0},"end":{"line":6,"column":null}},"5":{"start":{"line":13,"column":11},"end":{"line":13,"column":24}},"6":{"start":{"line":15,"column":40},"end":{"line":38,"column":1}},"7":{"start":{"line":17,"column":4},"end":{"line":17,"column":12}},"8":{"start":{"line":18,"column":2},"end":{"line":37,"column":3}},"9":{"start":{"line":19,"column":25},"end":{"line":19,"column":52}},"10":{"start":{"line":20,"column":4},"end":{"line":34,"column":5}},"11":{"start":{"line":21,"column":6},"end":{"line":21,"column":63}},"12":{"start":{"line":23,"column":6},"end":{"line":27,"column":7}},"13":{"start":{"line":24,"column":8},"end":{"line":26,"column":9}},"14":{"start":{"line":25,"column":10},"end":{"line":25,"column":76}},"15":{"start":{"line":28,"column":29},"end":{"line":28,"column":60}},"16":{"start":{"line":29,"column":19},"end":{"line":31,"column":null}},"17":{"start":{"line":33,"column":6},"end":{"line":33,"column":80}},"18":{"start":{"line":36,"column":4},"end":{"line":36,"column":64}},"19":{"start":{"line":15,"column":13},"end":{"line":15,"column":40}},"20":{"start":{"line":40,"column":37},"end":{"line":84,"column":1}},"21":{"start":{"line":41,"column":30},"end":{"line":41,"column":38}},"22":{"start":{"line":43,"column":2},"end":{"line":83,"column":3}},"23":{"start":{"line":44,"column":17},"end":{"line":44,"column":44}},"24":{"start":{"line":45,"column":4},"end":{"line":47,"column":5}},"25":{"start":{"line":46,"column":6},"end":{"line":46,"column":69}},"26":{"start":{"line":49,"column":26},"end":{"line":49,"column":55}},"27":{"start":{"line":50,"column":4},"end":{"line":80,"column":5}},"28":{"start":{"line":51,"column":6},"end":{"line":56,"column":9}},"29":{"start":{"line":59,"column":23},"end":{"line":67,"column":null}},"30":{"start":{"line":69,"column":29},"end":{"line":69,"column":44}},"31":{"start":{"line":70,"column":6},"end":{"line":70,"column":54}},"32":{"start":{"line":71,"column":6},"end":{"line":71,"column":62}},"33":{"start":{"line":73,"column":6},"end":{"line":79,"column":9}},"34":{"start":{"line":82,"column":4},"end":{"line":82,"column":65}},"35":{"start":{"line":40,"column":13},"end":{"line":40,"column":37}},"36":{"start":{"line":87,"column":21},"end":{"line":87,"column":38}},"37":{"start":{"line":88,"column":0},"end":{"line":102,"column":3}},"38":{"start":{"line":89,"column":2},"end":{"line":91,"column":3}},"39":{"start":{"line":90,"column":4},"end":{"line":90,"column":44}},"40":{"start":{"line":92,"column":2},"end":{"line":101,"column":3}},"41":{"start":{"line":93,"column":4},"end":{"line":93,"column":23}},"42":{"start":{"line":95,"column":4},"end":{"line":100,"column":5}},"43":{"start":{"line":96,"column":24},"end":{"line":96,"column":40}},"44":{"start":{"line":97,"column":6},"end":{"line":97,"column":42}},"45":{"start":{"line":99,"column":6},"end":{"line":99,"column":27}},"46":{"start":{"line":105,"column":38},"end":{"line":133,"column":1}},"47":{"start":{"line":106,"column":16},"end":{"line":106,"column":56}},"48":{"start":{"line":107,"column":2},"end":{"line":132,"column":3}},"49":{"start":{"line":108,"column":4},"end":{"line":108,"column":55}},"50":{"start":{"line":110,"column":4},"end":{"line":131,"column":5}},"51":{"start":{"line":111,"column":22},"end":{"line":111,"column":75}},"52":{"start":{"line":113,"column":6},"end":{"line":113,"column":33}},"53":{"start":{"line":115,"column":6},"end":{"line":123,"column":8}},"54":{"start":{"line":119,"column":10},"end":{"line":121,"column":75}},"55":{"start":{"line":120,"column":12},"end":{"line":120,"column":74}},"56":{"start":{"line":121,"column":15},"end":{"line":121,"column":75}},"57":{"start":{"line":125,"column":6},"end":{"line":125,"column":37}},"58":{"start":{"line":126,"column":6},"end":{"line":126,"column":49}},"59":{"start":{"line":127,"column":6},"end":{"line":127,"column":67}},"60":{"start":{"line":129,"column":6},"end":{"line":129,"column":27}},"61":{"start":{"line":130,"column":6},"end":{"line":130,"column":61}},"62":{"start":{"line":105,"column":13},"end":{"line":105,"column":38}},"63":{"start":{"line":136,"column":41},"end":{"line":154,"column":1}},"64":{"start":{"line":137,"column":2},"end":{"line":153,"column":3}},"65":{"start":{"line":138,"column":28},"end":{"line":138,"column":52}},"66":{"start":{"line":139,"column":4},"end":{"line":141,"column":7}},"67":{"start":{"line":140,"column":6},"end":{"line":140,"column":44}},"68":{"start":{"line":143,"column":4},"end":{"line":146,"column":6}},"69":{"start":{"line":148,"column":4},"end":{"line":148,"column":31}},"70":{"start":{"line":149,"column":4},"end":{"line":149,"column":75}},"71":{"start":{"line":151,"column":4},"end":{"line":151,"column":25}},"72":{"start":{"line":152,"column":4},"end":{"line":152,"column":69}},"73":{"start":{"line":136,"column":13},"end":{"line":136,"column":41}},"74":{"start":{"line":155,"column":19},"end":{"line":170,"column":1}},"75":{"start":{"line":156,"column":2},"end":{"line":169,"column":3}},"76":{"start":{"line":158,"column":4},"end":{"line":158,"column":30}},"77":{"start":{"line":160,"column":4},"end":{"line":163,"column":6}},"78":{"start":{"line":165,"column":4},"end":{"line":165,"column":35}},"79":{"start":{"line":166,"column":4},"end":{"line":166,"column":47}},"80":{"start":{"line":168,"column":4},"end":{"line":168,"column":25}},"81":{"start":{"line":172,"column":45},"end":{"line":227,"column":1}},"82":{"start":{"line":173,"column":16},"end":{"line":173,"column":56}},"83":{"start":{"line":174,"column":2},"end":{"line":177,"column":3}},"84":{"start":{"line":175,"column":4},"end":{"line":175,"column":71}},"85":{"start":{"line":176,"column":4},"end":{"line":176,"column":11}},"86":{"start":{"line":179,"column":15},"end":{"line":179,"column":39}},"87":{"start":{"line":181,"column":2},"end":{"line":226,"column":3}},"88":{"start":{"line":182,"column":4},"end":{"line":184,"column":75}},"89":{"start":{"line":185,"column":4},"end":{"line":185,"column":11}},"90":{"start":{"line":187,"column":4},"end":{"line":225,"column":5}},"91":{"start":{"line":188,"column":27},"end":{"line":190,"column":null}},"92":{"start":{"line":192,"column":29},"end":{"line":192,"column":71}},"93":{"start":{"line":193,"column":6},"end":{"line":193,"column":52}},"94":{"start":{"line":196,"column":6},"end":{"line":209,"column":7}},"95":{"start":{"line":197,"column":27},"end":{"line":197,"column":51}},"96":{"start":{"line":198,"column":28},"end":{"line":198,"column":38}},"97":{"start":{"line":199,"column":31},"end":{"line":199,"column":65}},"98":{"start":{"line":200,"column":8},"end":{"line":200,"column":54}},"99":{"start":{"line":201,"column":8},"end":{"line":208,"column":9}},"100":{"start":{"line":202,"column":10},"end":{"line":202,"column":50}},"101":{"start":{"line":203,"column":10},"end":{"line":205,"column":71}},"102":{"start":{"line":206,"column":10},"end":{"line":206,"column":34}},"103":{"start":{"line":207,"column":10},"end":{"line":207,"column":17}},"104":{"start":{"line":212,"column":6},"end":{"line":212,"column":61}},"105":{"start":{"line":214,"column":6},"end":{"line":224,"column":7}},"106":{"start":{"line":215,"column":8},"end":{"line":218,"column":11}},"107":{"start":{"line":220,"column":8},"end":{"line":223,"column":11}},"108":{"start":{"line":172,"column":13},"end":{"line":172,"column":45}}},"fnMap":{"0":{"name":"(anonymous_1)","decl":{"start":{"line":15,"column":40},"end":{"line":15,"column":45}},"loc":{"start":{"line":15,"column":59},"end":{"line":38,"column":1}}},"1":{"name":"(anonymous_2)","decl":{"start":{"line":40,"column":37},"end":{"line":40,"column":42}},"loc":{"start":{"line":40,"column":56},"end":{"line":84,"column":1}}},"2":{"name":"(anonymous_3)","decl":{"start":{"line":88,"column":43},"end":{"line":88,"column":44}},"loc":{"start":{"line":88,"column":72},"end":{"line":102,"column":1}}},"3":{"name":"(anonymous_4)","decl":{"start":{"line":105,"column":38},"end":{"line":105,"column":43}},"loc":{"start":{"line":105,"column":57},"end":{"line":133,"column":1}}},"4":{"name":"(anonymous_5)","decl":{"start":{"line":118,"column":8},"end":{"line":118,"column":9}},"loc":{"start":{"line":118,"column":46},"end":{"line":122,"column":9}}},"5":{"name":"(anonymous_6)","decl":{"start":{"line":136,"column":41},"end":{"line":136,"column":46}},"loc":{"start":{"line":136,"column":60},"end":{"line":154,"column":1}}},"6":{"name":"(anonymous_7)","decl":{"start":{"line":139,"column":43},"end":{"line":139,"column":44}},"loc":{"start":{"line":139,"column":59},"end":{"line":141,"column":5}}},"7":{"name":"(anonymous_8)","decl":{"start":{"line":155,"column":19},"end":{"line":155,"column":24}},"loc":{"start":{"line":155,"column":43},"end":{"line":170,"column":1}}},"8":{"name":"(anonymous_9)","decl":{"start":{"line":172,"column":45},"end":{"line":172,"column":50}},"loc":{"start":{"line":172,"column":64},"end":{"line":227,"column":1}}}},"branchMap":{"0":{"loc":{"start":{"line":20,"column":4},"end":{"line":34,"column":5}},"type":"if","locations":[{"start":{"line":20,"column":4},"end":{"line":34,"column":5}},{"start":{"line":22,"column":11},"end":{"line":34,"column":5}}]},"1":{"loc":{"start":{"line":23,"column":6},"end":{"line":27,"column":7}},"type":"if","locations":[{"start":{"line":23,"column":6},"end":{"line":27,"column":7}},{"start":{},"end":{}}]},"2":{"loc":{"start":{"line":24,"column":8},"end":{"line":26,"column":9}},"type":"if","locations":[{"start":{"line":24,"column":8},"end":{"line":26,"column":9}},{"start":{},"end":{}}]},"3":{"loc":{"start":{"line":24,"column":12},"end":{"line":24,"column":52}},"type":"binary-expr","locations":[{"start":{"line":24,"column":12},"end":{"line":24,"column":21}},{"start":{"line":24,"column":25},"end":{"line":24,"column":38}},{"start":{"line":24,"column":42},"end":{"line":24,"column":52}}]},"4":{"loc":{"start":{"line":45,"column":4},"end":{"line":47,"column":5}},"type":"if","locations":[{"start":{"line":45,"column":4},"end":{"line":47,"column":5}},{"start":{},"end":{}}]},"5":{"loc":{"start":{"line":45,"column":8},"end":{"line":45,"column":65}},"type":"binary-expr","locations":[{"start":{"line":45,"column":8},"end":{"line":45,"column":13}},{"start":{"line":45,"column":17},"end":{"line":45,"column":65}}]},"6":{"loc":{"start":{"line":50,"column":4},"end":{"line":80,"column":5}},"type":"if","locations":[{"start":{"line":50,"column":4},"end":{"line":80,"column":5}},{"start":{"line":57,"column":11},"end":{"line":80,"column":5}}]},"7":{"loc":{"start":{"line":50,"column":8},"end":{"line":50,"column":59}},"type":"binary-expr","locations":[{"start":{"line":50,"column":8},"end":{"line":50,"column":21}},{"start":{"line":50,"column":25},"end":{"line":50,"column":59}}]},"8":{"loc":{"start":{"line":64,"column":8},"end":{"line":64,"column":42}},"type":"binary-expr","locations":[{"start":{"line":64,"column":8},"end":{"line":64,"column":30}},{"start":{"line":64,"column":34},"end":{"line":64,"column":42}}]},"9":{"loc":{"start":{"line":89,"column":2},"end":{"line":91,"column":3}},"type":"if","locations":[{"start":{"line":89,"column":2},"end":{"line":91,"column":3}},{"start":{},"end":{}}]},"10":{"loc":{"start":{"line":92,"column":2},"end":{"line":101,"column":3}},"type":"if","locations":[{"start":{"line":92,"column":2},"end":{"line":101,"column":3}},{"start":{"line":94,"column":9},"end":{"line":101,"column":3}}]},"11":{"loc":{"start":{"line":107,"column":2},"end":{"line":132,"column":3}},"type":"if","locations":[{"start":{"line":107,"column":2},"end":{"line":132,"column":3}},{"start":{"line":109,"column":9},"end":{"line":132,"column":3}}]},"12":{"loc":{"start":{"line":111,"column":40},"end":{"line":111,"column":74}},"type":"binary-expr","locations":[{"start":{"line":111,"column":40},"end":{"line":111,"column":62}},{"start":{"line":111,"column":66},"end":{"line":111,"column":74}}]},"13":{"loc":{"start":{"line":119,"column":10},"end":{"line":121,"column":75}},"type":"if","locations":[{"start":{"line":119,"column":10},"end":{"line":121,"column":75}},{"start":{"line":121,"column":15},"end":{"line":121,"column":75}}]},"14":{"loc":{"start":{"line":174,"column":2},"end":{"line":177,"column":3}},"type":"if","locations":[{"start":{"line":174,"column":2},"end":{"line":177,"column":3}},{"start":{},"end":{}}]},"15":{"loc":{"start":{"line":181,"column":2},"end":{"line":226,"column":3}},"type":"if","locations":[{"start":{"line":181,"column":2},"end":{"line":226,"column":3}},{"start":{"line":186,"column":9},"end":{"line":226,"column":3}}]},"16":{"loc":{"start":{"line":190,"column":8},"end":{"line":190,"column":42}},"type":"binary-expr","locations":[{"start":{"line":190,"column":8},"end":{"line":190,"column":30}},{"start":{"line":190,"column":34},"end":{"line":190,"column":42}}]},"17":{"loc":{"start":{"line":192,"column":29},"end":{"line":192,"column":71}},"type":"cond-expr","locations":[{"start":{"line":192,"column":48},"end":{"line":192,"column":64}},{"start":{"line":192,"column":67},"end":{"line":192,"column":71}}]},"18":{"loc":{"start":{"line":196,"column":6},"end":{"line":209,"column":7}},"type":"if","locations":[{"start":{"line":196,"column":6},"end":{"line":209,"column":7}},{"start":{},"end":{}}]},"19":{"loc":{"start":{"line":201,"column":8},"end":{"line":208,"column":9}},"type":"if","locations":[{"start":{"line":201,"column":8},"end":{"line":208,"column":9}},{"start":{},"end":{}}]},"20":{"loc":{"start":{"line":214,"column":6},"end":{"line":224,"column":7}},"type":"if","locations":[{"start":{"line":214,"column":6},"end":{"line":224,"column":7}},{"start":{"line":219,"column":13},"end":{"line":224,"column":7}}]}},"s":{"0":2,"1":2,"2":2,"3":2,"4":2,"5":2,"6":2,"7":6,"8":6,"9":6,"10":6,"11":2,"12":4,"13":4,"14":2,"15":4,"16":4,"17":3,"18":1,"19":2,"20":2,"21":4,"22":4,"23":4,"24":4,"25":2,"26":4,"27":2,"28":0,"29":2,"30":2,"31":2,"32":2,"33":2,"34":2,"35":2,"36":2,"37":2,"38":2,"39":0,"40":2,"41":0,"42":2,"43":2,"44":2,"45":0,"46":2,"47":2,"48":2,"49":0,"50":2,"51":2,"52":2,"53":2,"54":1,"55":0,"56":1,"57":2,"58":2,"59":2,"60":0,"61":0,"62":2,"63":2,"64":0,"65":0,"66":0,"67":0,"68":0,"69":0,"70":0,"71":0,"72":0,"73":2,"74":2,"75":0,"76":0,"77":0,"78":0,"79":0,"80":0,"81":2,"82":0,"83":0,"84":0,"85":0,"86":0,"87":0,"88":0,"89":0,"90":0,"91":0,"92":0,"93":0,"94":0,"95":0,"96":0,"97":0,"98":0,"99":0,"100":0,"101":0,"102":0,"103":0,"104":0,"105":0,"106":0,"107":0,"108":2},"f":{"0":6,"1":4,"2":2,"3":2,"4":1,"5":0,"6":0,"7":0,"8":0},"b":{"0":[2,4],"1":[4,0],"2":[2,2],"3":[4,2,2],"4":[2,2],"5":[4,2],"6":[0,2],"7":[2,0],"8":[2,0],"9":[0,2],"10":[0,2],"11":[0,2],"12":[2,0],"13":[0,1],"14":[0,0],"15":[0,0],"16":[0,0],"17":[0,0],"18":[0,0],"19":[0,0],"20":[0,0]}}
,"/mnt/c/Users/muliengineer/AquaSentinel/Backend/src/controllers/dashboard.controller.ts": {"path":"/mnt/c/Users/muliengineer/AquaSentinel/Backend/src/controllers/dashboard.controller.ts","statementMap":{"0":{"start":{"line":4,"column":31},"end":{"line":10,"column":1}},"1":{"start":{"line":8,"column":21},"end":{"line":8,"column":33}},"2":{"start":{"line":9,"column":2},"end":{"line":9,"column":23}},"3":{"start":{"line":4,"column":13},"end":{"line":4,"column":31}},"4":{"start":{"line":12,"column":33},"end":{"line":18,"column":1}},"5":{"start":{"line":16,"column":19},"end":{"line":16,"column":31}},"6":{"start":{"line":17,"column":2},"end":{"line":17,"column":21}},"7":{"start":{"line":12,"column":13},"end":{"line":12,"column":33}},"8":{"start":{"line":20,"column":28},"end":{"line":28,"column":1}},"9":{"start":{"line":24,"column":19},"end":{"line":24,"column":27}},"10":{"start":{"line":25,"column":2},"end":{"line":25,"column":24}},"11":{"start":{"line":26,"column":2},"end":{"line":26,"column":37}},"12":{"start":{"line":27,"column":2},"end":{"line":27,"column":21}},"13":{"start":{"line":20,"column":13},"end":{"line":20,"column":28}}},"fnMap":{"0":{"name":"(anonymous_0)","decl":{"start":{"line":4,"column":31},"end":{"line":4,"column":36}},"loc":{"start":{"line":7,"column":4},"end":{"line":10,"column":1}}},"1":{"name":"(anonymous_1)","decl":{"start":{"line":12,"column":33},"end":{"line":12,"column":38}},"loc":{"start":{"line":15,"column":4},"end":{"line":18,"column":1}}},"2":{"name":"(anonymous_2)","decl":{"start":{"line":20,"column":28},"end":{"line":20,"column":33}},"loc":{"start":{"line":23,"column":4},"end":{"line":28,"column":1}}}},"branchMap":{},"s":{"0":2,"1":0,"2":0,"3":2,"4":2,"5":0,"6":0,"7":2,"8":2,"9":0,"10":0,"11":0,"12":0,"13":2},"f":{"0":0,"1":0,"2":0},"b":{}}
,"/mnt/c/Users/muliengineer/AquaSentinel/Backend/src/controllers/pumpSessions.controller.tsx": {"path":"/mnt/c/Users/muliengineer/AquaSentinel/Backend/src/controllers/pumpSessions.controller.tsx","statementMap":{"0":{"start":{"line":2,"column":0},"end":{"line":2,"column":68}},"1":{"start":{"line":3,"column":0},"end":{"line":3,"column":117}},"2":{"start":{"line":5,"column":34},"end":{"line":23,"column":1}},"3":{"start":{"line":6,"column":20},"end":{"line":6,"column":42}},"4":{"start":{"line":7,"column":4},"end":{"line":22,"column":5}},"5":{"start":{"line":8,"column":8},"end":{"line":18,"column":9}},"6":{"start":{"line":9,"column":12},"end":{"line":9,"column":67}},"7":{"start":{"line":11,"column":36},"end":{"line":11,"column":55}},"8":{"start":{"line":13,"column":12},"end":{"line":17,"column":13}},"9":{"start":{"line":14,"column":16},"end":{"line":14,"column":80}},"10":{"start":{"line":16,"column":16},"end":{"line":16,"column":50}},"11":{"start":{"line":20,"column":8},"end":{"line":20,"column":59}},"12":{"start":{"line":21,"column":8},"end":{"line":21,"column":58}},"13":{"start":{"line":5,"column":13},"end":{"line":5,"column":34}},"14":{"start":{"line":24,"column":35},"end":{"line":37,"column":1}},"15":{"start":{"line":25,"column":19},"end":{"line":25,"column":36}},"16":{"start":{"line":26,"column":4},"end":{"line":36,"column":5}},"17":{"start":{"line":27,"column":8},"end":{"line":27,"column":69}},"18":{"start":{"line":29,"column":8},"end":{"line":35,"column":9}},"19":{"start":{"line":30,"column":29},"end":{"line":30,"column":74}},"20":{"start":{"line":31,"column":12},"end":{"line":31,"column":47}},"21":{"start":{"line":33,"column":12},"end":{"line":33,"column":63}},"22":{"start":{"line":34,"column":12},"end":{"line":34,"column":62}},"23":{"start":{"line":24,"column":13},"end":{"line":24,"column":35}},"24":{"start":{"line":40,"column":34},"end":{"line":48,"column":1}},"25":{"start":{"line":41,"column":4},"end":{"line":47,"column":5}},"26":{"start":{"line":42,"column":25},"end":{"line":42,"column":53}},"27":{"start":{"line":43,"column":8},"end":{"line":43,"column":43}},"28":{"start":{"line":45,"column":8},"end":{"line":45,"column":60}},"29":{"start":{"line":46,"column":8},"end":{"line":46,"column":67}},"30":{"start":{"line":40,"column":13},"end":{"line":40,"column":34}},"31":{"start":{"line":50,"column":44},"end":{"line":60,"column":1}},"32":{"start":{"line":51,"column":4},"end":{"line":59,"column":5}},"33":{"start":{"line":52,"column":23},"end":{"line":52,"column":40}},"34":{"start":{"line":53,"column":31},"end":{"line":53,"column":75}},"35":{"start":{"line":54,"column":8},"end":{"line":54,"column":99}},"36":{"start":{"line":54,"column":75},"end":{"line":54,"column":96}},"37":{"start":{"line":55,"column":8},"end":{"line":55,"column":49}},"38":{"start":{"line":57,"column":8},"end":{"line":57,"column":68}},"39":{"start":{"line":58,"column":8},"end":{"line":58,"column":67}},"40":{"start":{"line":50,"column":13},"end":{"line":50,"column":44}}},"fnMap":{"0":{"name":"(anonymous_0)","decl":{"start":{"line":5,"column":34},"end":{"line":5,"column":35}},"loc":{"start":{"line":5,"column":72},"end":{"line":23,"column":1}}},"1":{"name":"(anonymous_1)","decl":{"start":{"line":24,"column":35},"end":{"line":24,"column":40}},"loc":{"start":{"line":24,"column":88},"end":{"line":37,"column":1}}},"2":{"name":"(anonymous_2)","decl":{"start":{"line":40,"column":34},"end":{"line":40,"column":39}},"loc":{"start":{"line":40,"column":87},"end":{"line":48,"column":1}}},"3":{"name":"(anonymous_3)","decl":{"start":{"line":50,"column":44},"end":{"line":50,"column":49}},"loc":{"start":{"line":50,"column":97},"end":{"line":60,"column":1}}},"4":{"name":"(anonymous_4)","decl":{"start":{"line":54,"column":60},"end":{"line":54,"column":61}},"loc":{"start":{"line":54,"column":75},"end":{"line":54,"column":96}}}},"branchMap":{"0":{"loc":{"start":{"line":8,"column":8},"end":{"line":18,"column":9}},"type":"if","locations":[{"start":{"line":8,"column":8},"end":{"line":18,"column":9}},{"start":{"line":10,"column":15},"end":{"line":18,"column":9}}]},"1":{"loc":{"start":{"line":13,"column":12},"end":{"line":17,"column":13}},"type":"if","locations":[{"start":{"line":13,"column":12},"end":{"line":17,"column":13}},{"start":{"line":15,"column":19},"end":{"line":17,"column":13}}]},"2":{"loc":{"start":{"line":13,"column":16},"end":{"line":13,"column":88}},"type":"binary-expr","locations":[{"start":{"line":13,"column":16},"end":{"line":13,"column":31}},{"start":{"line":13,"column":35},"end":{"line":13,"column":88}}]},"3":{"loc":{"start":{"line":26,"column":4},"end":{"line":36,"column":5}},"type":"if","locations":[{"start":{"line":26,"column":4},"end":{"line":36,"column":5}},{"start":{"line":28,"column":11},"end":{"line":36,"column":5}}]}},"s":{"0":2,"1":2,"2":2,"3":0,"4":0,"5":0,"6":0,"7":0,"8":0,"9":0,"10":0,"11":0,"12":0,"13":2,"14":2,"15":0,"16":0,"17":0,"18":0,"19":0,"20":0,"21":0,"22":0,"23":2,"24":2,"25":0,"26":0,"27":0,"28":0,"29":0,"30":2,"31":2,"32":0,"33":0,"34":0,"35":0,"36":0,"37":0,"38":0,"39":0,"40":2},"f":{"0":0,"1":0,"2":0,"3":0,"4":0},"b":{"0":[0,0],"1":[0,0],"2":[0,0],"3":[0,0]}}
,"/mnt/c/Users/muliengineer/AquaSentinel/Backend/src/controllers/sensor.controller.ts": {"path":"/mnt/c/Users/muliengineer/AquaSentinel/Backend/src/controllers/sensor.controller.ts","statementMap":{"0":{"start":{"line":10,"column":0},"end":{"line":10,"column":7}},"1":{"start":{"line":55,"column":0},"end":{"line":55,"column":7}},"2":{"start":{"line":171,"column":0},"end":{"line":171,"column":7}},"3":{"start":{"line":2,"column":0},"end":{"line":2,"column":83}},"4":{"start":{"line":3,"column":0},"end":{"line":3,"column":196}},"5":{"start":{"line":4,"column":0},"end":{"line":4,"column":50}},"6":{"start":{"line":5,"column":0},"end":{"line":5,"column":34}},"7":{"start":{"line":6,"column":0},"end":{"line":6,"column":33}},"8":{"start":{"line":11,"column":24},"end":{"line":11,"column":25}},"9":{"start":{"line":12,"column":4},"end":{"line":12,"column":49}},"10":{"start":{"line":14,"column":4},"end":{"line":52,"column":13}},"11":{"start":{"line":15,"column":25},"end":{"line":15,"column":49}},"12":{"start":{"line":16,"column":38},"end":{"line":16,"column":80}},"13":{"start":{"line":17,"column":8},"end":{"line":49,"column":9}},"14":{"start":{"line":18,"column":12},"end":{"line":18,"column":59}},"15":{"start":{"line":19,"column":12},"end":{"line":19,"column":19}},"16":{"start":{"line":21,"column":12},"end":{"line":48,"column":13}},"17":{"start":{"line":22,"column":31},"end":{"line":22,"column":59}},"18":{"start":{"line":23,"column":32},"end":{"line":23,"column":63}},"19":{"start":{"line":24,"column":33},"end":{"line":24,"column":74}},"20":{"start":{"line":25,"column":35},"end":{"line":25,"column":76}},"21":{"start":{"line":27,"column":37},"end":{"line":27,"column":96}},"22":{"start":{"line":28,"column":35},"end":{"line":30,"column":45}},"23":{"start":{"line":33,"column":16},"end":{"line":33,"column":40}},"24":{"start":{"line":34,"column":29},"end":{"line":42,"column":18}},"25":{"start":{"line":44,"column":16},"end":{"line":44,"column":40}},"26":{"start":{"line":47,"column":16},"end":{"line":47,"column":73}},"27":{"start":{"line":56,"column":23},"end":{"line":56,"column":24}},"28":{"start":{"line":57,"column":4},"end":{"line":57,"column":47}},"29":{"start":{"line":59,"column":4},"end":{"line":84,"column":13}},"30":{"start":{"line":60,"column":25},"end":{"line":60,"column":48}},"31":{"start":{"line":61,"column":37},"end":{"line":61,"column":79}},"32":{"start":{"line":62,"column":8},"end":{"line":82,"column":9}},"33":{"start":{"line":63,"column":12},"end":{"line":63,"column":59}},"34":{"start":{"line":64,"column":12},"end":{"line":64,"column":19}},"35":{"start":{"line":66,"column":12},"end":{"line":81,"column":13}},"36":{"start":{"line":67,"column":32},"end":{"line":67,"column":66}},"37":{"start":{"line":68,"column":31},"end":{"line":68,"column":71}},"38":{"start":{"line":69,"column":16},"end":{"line":69,"column":39}},"39":{"start":{"line":71,"column":29},"end":{"line":75,"column":18}},"40":{"start":{"line":77,"column":16},"end":{"line":77,"column":39}},"41":{"start":{"line":80,"column":16},"end":{"line":80,"column":73}},"42":{"start":{"line":89,"column":35},"end":{"line":104,"column":1}},"43":{"start":{"line":90,"column":4},"end":{"line":103,"column":5}},"44":{"start":{"line":91,"column":8},"end":{"line":98,"column":9}},"45":{"start":{"line":92,"column":27},"end":{"line":92,"column":49}},"46":{"start":{"line":93,"column":12},"end":{"line":93,"column":72}},"47":{"start":{"line":95,"column":25},"end":{"line":95,"column":56}},"48":{"start":{"line":96,"column":12},"end":{"line":96,"column":60}},"49":{"start":{"line":101,"column":8},"end":{"line":101,"column":65}},"50":{"start":{"line":102,"column":8},"end":{"line":102,"column":74}},"51":{"start":{"line":89,"column":13},"end":{"line":89,"column":35}},"52":{"start":{"line":109,"column":36},"end":{"line":127,"column":1}},"53":{"start":{"line":110,"column":4},"end":{"line":126,"column":5}},"54":{"start":{"line":111,"column":8},"end":{"line":120,"column":9}},"55":{"start":{"line":112,"column":27},"end":{"line":112,"column":49}},"56":{"start":{"line":114,"column":12},"end":{"line":114,"column":72}},"57":{"start":{"line":116,"column":25},"end":{"line":116,"column":57}},"58":{"start":{"line":117,"column":12},"end":{"line":119,"column":13}},"59":{"start":{"line":118,"column":16},"end":{"line":118,"column":64}},"60":{"start":{"line":124,"column":8},"end":{"line":124,"column":67}},"61":{"start":{"line":125,"column":8},"end":{"line":125,"column":74}},"62":{"start":{"line":109,"column":13},"end":{"line":109,"column":36}},"63":{"start":{"line":130,"column":35},"end":{"line":140,"column":1}},"64":{"start":{"line":131,"column":4},"end":{"line":139,"column":5}},"65":{"start":{"line":132,"column":20},"end":{"line":132,"column":30}},"66":{"start":{"line":133,"column":22},"end":{"line":133,"column":62}},"67":{"start":{"line":134,"column":22},"end":{"line":134,"column":57}},"68":{"start":{"line":135,"column":8},"end":{"line":135,"column":70}},"69":{"start":{"line":137,"column":8},"end":{"line":137,"column":70}},"70":{"start":{"line":138,"column":8},"end":{"line":138,"column":96}},"71":{"start":{"line":130,"column":13},"end":{"line":130,"column":35}},"72":{"start":{"line":144,"column":37},"end":{"line":155,"column":1}},"73":{"start":{"line":145,"column":4},"end":{"line":154,"column":5}},"74":{"start":{"line":146,"column":20},"end":{"line":146,"column":30}},"75":{"start":{"line":147,"column":22},"end":{"line":147,"column":66}},"76":{"start":{"line":148,"column":33},"end":{"line":148,"column":65}},"77":{"start":{"line":150,"column":8},"end":{"line":150,"column":70}},"78":{"start":{"line":152,"column":8},"end":{"line":152,"column":63}},"79":{"start":{"line":153,"column":8},"end":{"line":153,"column":74}},"80":{"start":{"line":144,"column":13},"end":{"line":144,"column":37}},"81":{"start":{"line":157,"column":36},"end":{"line":168,"column":1}},"82":{"start":{"line":158,"column":4},"end":{"line":167,"column":5}},"83":{"start":{"line":159,"column":20},"end":{"line":159,"column":30}},"84":{"start":{"line":160,"column":22},"end":{"line":160,"column":62}},"85":{"start":{"line":161,"column":8},"end":{"line":161,"column":81}},"86":{"start":{"line":162,"column":24},"end":{"line":162,"column":63}},"87":{"start":{"line":163,"column":8},"end":{"line":163,"column":51}},"88":{"start":{"line":165,"column":8},"end":{"line":165,"column":61}},"89":{"start":{"line":166,"column":8},"end":{"line":166,"column":95}},"90":{"start":{"line":157,"column":13},"end":{"line":157,"column":36}},"91":{"start":{"line":172,"column":4},"end":{"line":182,"column":5}},"92":{"start":{"line":174,"column":23},"end":{"line":174,"column":48}},"93":{"start":{"line":175,"column":21},"end":{"line":175,"column":61}},"94":{"start":{"line":176,"column":8},"end":{"line":176,"column":67}},"95":{"start":{"line":177,"column":8},"end":{"line":177,"column":42}},"96":{"start":{"line":180,"column":8},"end":{"line":180,"column":66}},"97":{"start":{"line":181,"column":8},"end":{"line":181,"column":20}},"98":{"start":{"line":185,"column":35},"end":{"line":198,"column":1}},"99":{"start":{"line":186,"column":4},"end":{"line":197,"column":5}},"100":{"start":{"line":187,"column":23},"end":{"line":191,"column":null}},"101":{"start":{"line":193,"column":8},"end":{"line":193,"column":55}},"102":{"start":{"line":195,"column":8},"end":{"line":195,"column":66}},"103":{"start":{"line":196,"column":8},"end":{"line":196,"column":74}},"104":{"start":{"line":185,"column":13},"end":{"line":185,"column":35}},"105":{"start":{"line":200,"column":41},"end":{"line":213,"column":1}},"106":{"start":{"line":201,"column":4},"end":{"line":212,"column":5}},"107":{"start":{"line":202,"column":23},"end":{"line":202,"column":48}},"108":{"start":{"line":203,"column":8},"end":{"line":205,"column":9}},"109":{"start":{"line":204,"column":12},"end":{"line":204,"column":80}},"110":{"start":{"line":207,"column":24},"end":{"line":207,"column":63}},"111":{"start":{"line":208,"column":8},"end":{"line":208,"column":51}},"112":{"start":{"line":210,"column":8},"end":{"line":210,"column":70}},"113":{"start":{"line":211,"column":8},"end":{"line":211,"column":99}},"114":{"start":{"line":200,"column":13},"end":{"line":200,"column":41}}},"fnMap":{"0":{"name":"startWaterFlowLoop","decl":{"start":{"line":10,"column":22},"end":{"line":10,"column":40}},"loc":{"start":{"line":10,"column":40},"end":{"line":53,"column":1}}},"1":{"name":"(anonymous_1)","decl":{"start":{"line":14,"column":16},"end":{"line":14,"column":19}},"loc":{"start":{"line":14,"column":21},"end":{"line":52,"column":5}}},"2":{"name":"startMoistureLoop","decl":{"start":{"line":55,"column":22},"end":{"line":55,"column":39}},"loc":{"start":{"line":55,"column":39},"end":{"line":85,"column":1}}},"3":{"name":"(anonymous_3)","decl":{"start":{"line":59,"column":16},"end":{"line":59,"column":19}},"loc":{"start":{"line":59,"column":21},"end":{"line":84,"column":5}}},"4":{"name":"(anonymous_4)","decl":{"start":{"line":89,"column":35},"end":{"line":89,"column":40}},"loc":{"start":{"line":89,"column":93},"end":{"line":104,"column":1}}},"5":{"name":"(anonymous_5)","decl":{"start":{"line":109,"column":36},"end":{"line":109,"column":41}},"loc":{"start":{"line":109,"column":94},"end":{"line":127,"column":1}}},"6":{"name":"(anonymous_6)","decl":{"start":{"line":130,"column":35},"end":{"line":130,"column":40}},"loc":{"start":{"line":130,"column":73},"end":{"line":140,"column":1}}},"7":{"name":"(anonymous_7)","decl":{"start":{"line":144,"column":37},"end":{"line":144,"column":42}},"loc":{"start":{"line":144,"column":75},"end":{"line":155,"column":1}}},"8":{"name":"(anonymous_8)","decl":{"start":{"line":157,"column":36},"end":{"line":157,"column":41}},"loc":{"start":{"line":157,"column":74},"end":{"line":168,"column":1}}},"9":{"name":"fetchAllWaterFlowDataPerUser","decl":{"start":{"line":171,"column":22},"end":{"line":171,"column":50}},"loc":{"start":{"line":171,"column":78},"end":{"line":183,"column":1}}},"10":{"name":"(anonymous_10)","decl":{"start":{"line":185,"column":35},"end":{"line":185,"column":40}},"loc":{"start":{"line":185,"column":73},"end":{"line":198,"column":1}}},"11":{"name":"(anonymous_11)","decl":{"start":{"line":200,"column":41},"end":{"line":200,"column":46}},"loc":{"start":{"line":200,"column":94},"end":{"line":213,"column":1}}}},"branchMap":{"0":{"loc":{"start":{"line":16,"column":38},"end":{"line":16,"column":80}},"type":"cond-expr","locations":[{"start":{"line":16,"column":51},"end":{"line":16,"column":73}},{"start":{"line":16,"column":76},"end":{"line":16,"column":80}}]},"1":{"loc":{"start":{"line":17,"column":8},"end":{"line":49,"column":9}},"type":"if","locations":[{"start":{"line":17,"column":8},"end":{"line":49,"column":9}},{"start":{"line":20,"column":15},"end":{"line":49,"column":9}}]},"2":{"loc":{"start":{"line":17,"column":12},"end":{"line":17,"column":42}},"type":"binary-expr","locations":[{"start":{"line":17,"column":12},"end":{"line":17,"column":16}},{"start":{"line":17,"column":20},"end":{"line":17,"column":42}}]},"3":{"loc":{"start":{"line":24,"column":33},"end":{"line":24,"column":74}},"type":"binary-expr","locations":[{"start":{"line":24,"column":33},"end":{"line":24,"column":63}},{"start":{"line":24,"column":67},"end":{"line":24,"column":74}}]},"4":{"loc":{"start":{"line":25,"column":35},"end":{"line":25,"column":76}},"type":"binary-expr","locations":[{"start":{"line":25,"column":35},"end":{"line":25,"column":67}},{"start":{"line":25,"column":71},"end":{"line":25,"column":76}}]},"5":{"loc":{"start":{"line":27,"column":37},"end":{"line":27,"column":96}},"type":"binary-expr","locations":[{"start":{"line":27,"column":37},"end":{"line":27,"column":68}},{"start":{"line":27,"column":72},"end":{"line":27,"column":96}}]},"6":{"loc":{"start":{"line":61,"column":37},"end":{"line":61,"column":79}},"type":"cond-expr","locations":[{"start":{"line":61,"column":50},"end":{"line":61,"column":72}},{"start":{"line":61,"column":75},"end":{"line":61,"column":79}}]},"7":{"loc":{"start":{"line":62,"column":8},"end":{"line":82,"column":9}},"type":"if","locations":[{"start":{"line":62,"column":8},"end":{"line":82,"column":9}},{"start":{"line":65,"column":15},"end":{"line":82,"column":9}}]},"8":{"loc":{"start":{"line":62,"column":12},"end":{"line":62,"column":41}},"type":"binary-expr","locations":[{"start":{"line":62,"column":12},"end":{"line":62,"column":16}},{"start":{"line":62,"column":20},"end":{"line":62,"column":41}}]},"9":{"loc":{"start":{"line":67,"column":32},"end":{"line":67,"column":66}},"type":"binary-expr","locations":[{"start":{"line":67,"column":32},"end":{"line":67,"column":61}},{"start":{"line":67,"column":65},"end":{"line":67,"column":66}}]},"10":{"loc":{"start":{"line":68,"column":31},"end":{"line":68,"column":71}},"type":"binary-expr","locations":[{"start":{"line":68,"column":31},"end":{"line":68,"column":66}},{"start":{"line":68,"column":70},"end":{"line":68,"column":71}}]},"11":{"loc":{"start":{"line":74,"column":34},"end":{"line":74,"column":74}},"type":"binary-expr","locations":[{"start":{"line":74,"column":34},"end":{"line":74,"column":67}},{"start":{"line":74,"column":71},"end":{"line":74,"column":74}}]},"12":{"loc":{"start":{"line":91,"column":8},"end":{"line":98,"column":9}},"type":"if","locations":[{"start":{"line":91,"column":8},"end":{"line":98,"column":9}},{"start":{"line":94,"column":15},"end":{"line":98,"column":9}}]},"13":{"loc":{"start":{"line":111,"column":8},"end":{"line":120,"column":9}},"type":"if","locations":[{"start":{"line":111,"column":8},"end":{"line":120,"column":9}},{"start":{"line":115,"column":15},"end":{"line":120,"column":9}}]},"14":{"loc":{"start":{"line":117,"column":12},"end":{"line":119,"column":13}},"type":"if","locations":[{"start":{"line":117,"column":12},"end":{"line":119,"column":13}},{"start":{},"end":{}}]},"15":{"loc":{"start":{"line":203,"column":8},"end":{"line":205,"column":9}},"type":"if","locations":[{"start":{"line":203,"column":8},"end":{"line":205,"column":9}},{"start":{},"end":{}}]}},"s":{"0":2,"1":2,"2":2,"3":2,"4":2,"5":2,"6":2,"7":2,"8":0,"9":0,"10":0,"11":0,"12":0,"13":0,"14":0,"15":0,"16":0,"17":0,"18":0,"19":0,"20":0,"21":0,"22":0,"23":0,"24":0,"25":0,"26":0,"27":0,"28":0,"29":0,"30":0,"31":0,"32":0,"33":0,"34":0,"35":0,"36":0,"37":0,"38":0,"39":0,"40":0,"41":0,"42":2,"43":1,"44":1,"45":0,"46":0,"47":1,"48":1,"49":0,"50":0,"51":2,"52":2,"53":1,"54":1,"55":0,"56":0,"57":1,"58":1,"59":1,"60":0,"61":0,"62":2,"63":2,"64":1,"65":1,"66":1,"67":1,"68":1,"69":0,"70":0,"71":2,"72":2,"73":1,"74":1,"75":1,"76":1,"77":1,"78":0,"79":0,"80":2,"81":2,"82":1,"83":1,"84":1,"85":1,"86":1,"87":1,"88":0,"89":0,"90":2,"91":1,"92":1,"93":1,"94":1,"95":1,"96":0,"97":0,"98":2,"99":0,"100":0,"101":0,"102":0,"103":0,"104":2,"105":2,"106":1,"107":1,"108":1,"109":0,"110":1,"111":1,"112":0,"113":0,"114":2},"f":{"0":0,"1":0,"2":0,"3":0,"4":1,"5":1,"6":1,"7":1,"8":1,"9":1,"10":0,"11":1},"b":{"0":[0,0],"1":[0,0],"2":[0,0],"3":[0,0],"4":[0,0],"5":[0,0],"6":[0,0],"7":[0,0],"8":[0,0],"9":[0,0],"10":[0,0],"11":[0,0],"12":[0,1],"13":[0,1],"14":[1,0],"15":[0,1]}}
,"/mnt/c/Users/muliengineer/AquaSentinel/Backend/src/controllers/user.controller.ts": {"path":"/mnt/c/Users/muliengineer/AquaSentinel/Backend/src/controllers/user.controller.ts","statementMap":{"0":{"start":{"line":2,"column":0},"end":{"line":2,"column":34}},"1":{"start":{"line":10,"column":53},"end":{"line":18,"column":1}},"2":{"start":{"line":11,"column":2},"end":{"line":17,"column":3}},"3":{"start":{"line":12,"column":18},"end":{"line":12,"column":63}},"4":{"start":{"line":13,"column":4},"end":{"line":13,"column":37}},"5":{"start":{"line":15,"column":4},"end":{"line":15,"column":23}},"6":{"start":{"line":16,"column":4},"end":{"line":16,"column":61}},"7":{"start":{"line":10,"column":13},"end":{"line":10,"column":53}},"8":{"start":{"line":20,"column":27},"end":{"line":50,"column":1}},"9":{"start":{"line":25,"column":2},"end":{"line":49,"column":3}},"10":{"start":{"line":26,"column":19},"end":{"line":26,"column":35}},"11":{"start":{"line":27,"column":4},"end":{"line":27,"column":35}},"12":{"start":{"line":28,"column":4},"end":{"line":45,"column":5}},"13":{"start":{"line":29,"column":6},"end":{"line":29,"column":63}},"14":{"start":{"line":31,"column":19},"end":{"line":33,"column":8}},"15":{"start":{"line":34,"column":6},"end":{"line":44,"column":7}},"16":{"start":{"line":35,"column":8},"end":{"line":35,"column":60}},"17":{"start":{"line":37,"column":25},"end":{"line":37,"column":37}},"18":{"start":{"line":39,"column":8},"end":{"line":39,"column":33}},"19":{"start":{"line":43,"column":8},"end":{"line":43,"column":39}},"20":{"start":{"line":47,"column":4},"end":{"line":47,"column":23}},"21":{"start":{"line":48,"column":4},"end":{"line":48,"column":65}},"22":{"start":{"line":20,"column":13},"end":{"line":20,"column":27}},"23":{"start":{"line":55,"column":29},"end":{"line":108,"column":1}},"24":{"start":{"line":56,"column":2},"end":{"line":107,"column":3}},"25":{"start":{"line":57,"column":19},"end":{"line":57,"column":35}},"26":{"start":{"line":58,"column":63},"end":{"line":58,"column":71}},"27":{"start":{"line":59,"column":23},"end":{"line":59,"column":41}},"28":{"start":{"line":61,"column":29},"end":{"line":61,"column":31}},"29":{"start":{"line":62,"column":26},"end":{"line":62,"column":28}},"30":{"start":{"line":63,"column":16},"end":{"line":63,"column":17}},"31":{"start":{"line":65,"column":4},"end":{"line":68,"column":5}},"32":{"start":{"line":66,"column":6},"end":{"line":66,"column":40}},"33":{"start":{"line":67,"column":6},"end":{"line":67,"column":24}},"34":{"start":{"line":69,"column":4},"end":{"line":72,"column":5}},"35":{"start":{"line":70,"column":6},"end":{"line":70,"column":41}},"36":{"start":{"line":71,"column":6},"end":{"line":71,"column":25}},"37":{"start":{"line":73,"column":4},"end":{"line":76,"column":5}},"38":{"start":{"line":74,"column":6},"end":{"line":74,"column":45}},"39":{"start":{"line":75,"column":6},"end":{"line":75,"column":29}},"40":{"start":{"line":77,"column":4},"end":{"line":80,"column":5}},"41":{"start":{"line":78,"column":6},"end":{"line":78,"column":44}},"42":{"start":{"line":79,"column":6},"end":{"line":79,"column":28}},"43":{"start":{"line":81,"column":4},"end":{"line":84,"column":5}},"44":{"start":{"line":82,"column":6},"end":{"line":82,"column":48}},"45":{"start":{"line":83,"column":6},"end":{"line":83,"column":32}},"46":{"start":{"line":85,"column":4},"end":{"line":88,"column":5}},"47":{"start":{"line":86,"column":6},"end":{"line":86,"column":47}},"48":{"start":{"line":87,"column":6},"end":{"line":87,"column":30}},"49":{"start":{"line":91,"column":4},"end":{"line":91,"column":40}},"50":{"start":{"line":93,"column":4},"end":{"line":102,"column":5}},"51":{"start":{"line":94,"column":6},"end":{"line":94,"column":73}},"52":{"start":{"line":96,"column":20},"end":{"line":96,"column":80}},"53":{"start":{"line":97,"column":6},"end":{"line":97,"column":26}},"54":{"start":{"line":99,"column":6},"end":{"line":99,"column":44}},"55":{"start":{"line":101,"column":6},"end":{"line":101,"column":73}},"56":{"start":{"line":105,"column":4},"end":{"line":105,"column":49}},"57":{"start":{"line":106,"column":4},"end":{"line":106,"column":77}},"58":{"start":{"line":55,"column":13},"end":{"line":55,"column":29}}},"fnMap":{"0":{"name":"(anonymous_0)","decl":{"start":{"line":10,"column":53},"end":{"line":10,"column":58}},"loc":{"start":{"line":10,"column":72},"end":{"line":18,"column":1}}},"1":{"name":"(anonymous_1)","decl":{"start":{"line":20,"column":27},"end":{"line":20,"column":32}},"loc":{"start":{"line":24,"column":4},"end":{"line":50,"column":1}}},"2":{"name":"(anonymous_2)","decl":{"start":{"line":55,"column":29},"end":{"line":55,"column":34}},"loc":{"start":{"line":55,"column":95},"end":{"line":108,"column":1}}}},"branchMap":{"0":{"loc":{"start":{"line":28,"column":4},"end":{"line":45,"column":5}},"type":"if","locations":[{"start":{"line":28,"column":4},"end":{"line":45,"column":5}},{"start":{"line":30,"column":11},"end":{"line":45,"column":5}}]},"1":{"loc":{"start":{"line":34,"column":6},"end":{"line":44,"column":7}},"type":"if","locations":[{"start":{"line":34,"column":6},"end":{"line":44,"column":7}},{"start":{"line":36,"column":13},"end":{"line":44,"column":7}}]},"2":{"loc":{"start":{"line":65,"column":4},"end":{"line":68,"column":5}},"type":"if","locations":[{"start":{"line":65,"column":4},"end":{"line":68,"column":5}},{"start":{},"end":{}}]},"3":{"loc":{"start":{"line":69,"column":4},"end":{"line":72,"column":5}},"type":"if","locations":[{"start":{"line":69,"column":4},"end":{"line":72,"column":5}},{"start":{},"end":{}}]},"4":{"loc":{"start":{"line":73,"column":4},"end":{"line":76,"column":5}},"type":"if","locations":[{"start":{"line":73,"column":4},"end":{"line":76,"column":5}},{"start":{},"end":{}}]},"5":{"loc":{"start":{"line":77,"column":4},"end":{"line":80,"column":5}},"type":"if","locations":[{"start":{"line":77,"column":4},"end":{"line":80,"column":5}},{"start":{},"end":{}}]},"6":{"loc":{"start":{"line":81,"column":4},"end":{"line":84,"column":5}},"type":"if","locations":[{"start":{"line":81,"column":4},"end":{"line":84,"column":5}},{"start":{},"end":{}}]},"7":{"loc":{"start":{"line":85,"column":4},"end":{"line":88,"column":5}},"type":"if","locations":[{"start":{"line":85,"column":4},"end":{"line":88,"column":5}},{"start":{},"end":{}}]},"8":{"loc":{"start":{"line":93,"column":4},"end":{"line":102,"column":5}},"type":"if","locations":[{"start":{"line":93,"column":4},"end":{"line":102,"column":5}},{"start":{"line":95,"column":11},"end":{"line":102,"column":5}}]}},"s":{"0":2,"1":2,"2":0,"3":0,"4":0,"5":0,"6":0,"7":2,"8":2,"9":0,"10":0,"11":0,"12":0,"13":0,"14":0,"15":0,"16":0,"17":0,"18":0,"19":0,"20":0,"21":0,"22":2,"23":2,"24":0,"25":0,"26":0,"27":0,"28":0,"29":0,"30":0,"31":0,"32":0,"33":0,"34":0,"35":0,"36":0,"37":0,"38":0,"39":0,"40":0,"41":0,"42":0,"43":0,"44":0,"45":0,"46":0,"47":0,"48":0,"49":0,"50":0,"51":0,"52":0,"53":0,"54":0,"55":0,"56":0,"57":0,"58":2},"f":{"0":0,"1":0,"2":0},"b":{"0":[0,0],"1":[0,0],"2":[0,0],"3":[0,0],"4":[0,0],"5":[0,0],"6":[0,0],"7":[0,0],"8":[0,0]}}
,"/mnt/c/Users/muliengineer/AquaSentinel/Backend/src/middleware/auth.middleware.ts": {"path":"/mnt/c/Users/muliengineer/AquaSentinel/Backend/src/middleware/auth.middleware.ts","statementMap":{"0":{"start":{"line":2,"column":0},"end":{"line":2,"column":31}},"1":{"start":{"line":8,"column":31},"end":{"line":36,"column":1}},"2":{"start":{"line":13,"column":21},"end":{"line":13,"column":46}},"3":{"start":{"line":15,"column":2},"end":{"line":35,"column":3}},"4":{"start":{"line":16,"column":18},"end":{"line":16,"column":42}},"5":{"start":{"line":17,"column":4},"end":{"line":31,"column":5}},"6":{"start":{"line":18,"column":6},"end":{"line":20,"column":7}},"7":{"start":{"line":19,"column":8},"end":{"line":19,"column":78}},"8":{"start":{"line":21,"column":22},"end":{"line":21,"column":null}},"9":{"start":{"line":26,"column":6},"end":{"line":26,"column":25}},"10":{"start":{"line":27,"column":6},"end":{"line":27,"column":20}},"11":{"start":{"line":29,"column":6},"end":{"line":29,"column":51}},"12":{"start":{"line":30,"column":6},"end":{"line":30,"column":100}},"13":{"start":{"line":33,"column":4},"end":{"line":33,"column":49}},"14":{"start":{"line":34,"column":4},"end":{"line":34,"column":92}},"15":{"start":{"line":8,"column":13},"end":{"line":8,"column":31}}},"fnMap":{"0":{"name":"(anonymous_1)","decl":{"start":{"line":8,"column":31},"end":{"line":8,"column":null}},"loc":{"start":{"line":12,"column":4},"end":{"line":36,"column":1}}}},"branchMap":{"0":{"loc":{"start":{"line":15,"column":2},"end":{"line":35,"column":3}},"type":"if","locations":[{"start":{"line":15,"column":2},"end":{"line":35,"column":3}},{"start":{"line":32,"column":9},"end":{"line":35,"column":3}}]},"1":{"loc":{"start":{"line":15,"column":6},"end":{"line":15,"column":52}},"type":"binary-expr","locations":[{"start":{"line":15,"column":6},"end":{"line":15,"column":16}},{"start":{"line":15,"column":20},"end":{"line":15,"column":52}}]},"2":{"loc":{"start":{"line":18,"column":6},"end":{"line":20,"column":7}},"type":"if","locations":[{"start":{"line":18,"column":6},"end":{"line":20,"column":7}},{"start":{},"end":{}}]},"3":{"loc":{"start":{"line":21,"column":40},"end":{"line":21,"column":74}},"type":"binary-expr","locations":[{"start":{"line":21,"column":40},"end":{"line":21,"column":62}},{"start":{"line":21,"column":66},"end":{"line":21,"column":74}}]}},"s":{"0":2,"1":2,"2":0,"3":0,"4":0,"5":0,"6":0,"7":0,"8":0,"9":0,"10":0,"11":0,"12":0,"13":0,"14":0,"15":2},"f":{"0":0},"b":{"0":[0,0],"1":[0,0],"2":[0,0],"3":[0,0]}}
,"/mnt/c/Users/muliengineer/AquaSentinel/Backend/src/middleware/role.middleware.ts": {"path":"/mnt/c/Users/muliengineer/AquaSentinel/Backend/src/middleware/role.middleware.ts","statementMap":{"0":{"start":{"line":6,"column":30},"end":{"line":19,"column":1}},"1":{"start":{"line":7,"column":2},"end":{"line":18,"column":4}},"2":{"start":{"line":12,"column":4},"end":{"line":16,"column":5}},"3":{"start":{"line":13,"column":6},"end":{"line":15,"column":70}},"4":{"start":{"line":17,"column":4},"end":{"line":17,"column":11}},"5":{"start":{"line":6,"column":13},"end":{"line":6,"column":30}}},"fnMap":{"0":{"name":"(anonymous_0)","decl":{"start":{"line":6,"column":30},"end":{"line":6,"column":31}},"loc":{"start":{"line":6,"column":53},"end":{"line":19,"column":1}}},"1":{"name":"(anonymous_1)","decl":{"start":{"line":7,"column":9},"end":{"line":7,"column":null}},"loc":{"start":{"line":11,"column":12},"end":{"line":18,"column":3}}}},"branchMap":{"0":{"loc":{"start":{"line":12,"column":4},"end":{"line":16,"column":5}},"type":"if","locations":[{"start":{"line":12,"column":4},"end":{"line":16,"column":5}},{"start":{},"end":{}}]},"1":{"loc":{"start":{"line":12,"column":8},"end":{"line":12,"column":51}},"type":"binary-expr","locations":[{"start":{"line":12,"column":8},"end":{"line":12,"column":17}},{"start":{"line":12,"column":21},"end":{"line":12,"column":51}}]}},"s":{"0":2,"1":8,"2":0,"3":0,"4":0,"5":2},"f":{"0":8,"1":0},"b":{"0":[0,0],"1":[0,0]}}
,"/mnt/c/Users/muliengineer/AquaSentinel/Backend/src/middleware/upload.tsx": {"path":"/mnt/c/Users/muliengineer/AquaSentinel/Backend/src/middleware/upload.tsx","statementMap":{"0":{"start":{"line":2,"column":0},"end":{"line":2,"column":47}},"1":{"start":{"line":3,"column":0},"end":{"line":3,"column":20}},"2":{"start":{"line":7,"column":18},"end":{"line":7,"column":27}},"3":{"start":{"line":8,"column":0},"end":{"line":10,"column":1}},"4":{"start":{"line":9,"column":4},"end":{"line":9,"column":28}},"5":{"start":{"line":13,"column":31},"end":{"line":21,"column":2}},"6":{"start":{"line":15,"column":8},"end":{"line":15,"column":28}},"7":{"start":{"line":18,"column":27},"end":{"line":18,"column":83}},"8":{"start":{"line":19,"column":8},"end":{"line":19,"column":29}},"9":{"start":{"line":24,"column":13},"end":{"line":24,"column":42}}},"fnMap":{"0":{"name":"(anonymous_1)","decl":{"start":{"line":14,"column":17},"end":{"line":14,"column":18}},"loc":{"start":{"line":14,"column":117},"end":{"line":16,"column":5}}},"1":{"name":"(anonymous_2)","decl":{"start":{"line":17,"column":14},"end":{"line":17,"column":15}},"loc":{"start":{"line":17,"column":109},"end":{"line":20,"column":5}}}},"branchMap":{"0":{"loc":{"start":{"line":8,"column":0},"end":{"line":10,"column":1}},"type":"if","locations":[{"start":{"line":8,"column":0},"end":{"line":10,"column":1}},{"start":{},"end":{}}]}},"s":{"0":2,"1":2,"2":2,"3":2,"4":0,"5":2,"6":0,"7":0,"8":0,"9":2},"f":{"0":0,"1":0},"b":{"0":[0,2]}}
,"/mnt/c/Users/muliengineer/AquaSentinel/Backend/src/models/moisture.model.ts": {"path":"/mnt/c/Users/muliengineer/AquaSentinel/Backend/src/models/moisture.model.ts","statementMap":{"0":{"start":{"line":12,"column":0},"end":{"line":12,"column":7}},"1":{"start":{"line":22,"column":0},"end":{"line":22,"column":7}},"2":{"start":{"line":1,"column":0},"end":{"line":1,"column":34}},"3":{"start":{"line":13,"column":16},"end":{"line":16,"column":4}},"4":{"start":{"line":17,"column":17},"end":{"line":17,"column":84}},"5":{"start":{"line":18,"column":2},"end":{"line":18,"column":40}},"6":{"start":{"line":23,"column":16},"end":{"line":27,"column":4}},"7":{"start":{"line":28,"column":19},"end":{"line":28,"column":57}},"8":{"start":{"line":29,"column":2},"end":{"line":29,"column":14}}},"fnMap":{"0":{"name":"saveMoistureData","decl":{"start":{"line":12,"column":22},"end":{"line":12,"column":38}},"loc":{"start":{"line":12,"column":59},"end":{"line":19,"column":1}}},"1":{"name":"getRecentMoistureData","decl":{"start":{"line":22,"column":22},"end":{"line":22,"column":43}},"loc":{"start":{"line":22,"column":62},"end":{"line":30,"column":1}}}},"branchMap":{"0":{"loc":{"start":{"line":17,"column":33},"end":{"line":17,"column":57}},"type":"binary-expr","locations":[{"start":{"line":17,"column":33},"end":{"line":17,"column":50}},{"start":{"line":17,"column":54},"end":{"line":17,"column":57}}]},"1":{"loc":{"start":{"line":17,"column":59},"end":{"line":17,"column":83}},"type":"binary-expr","locations":[{"start":{"line":17,"column":59},"end":{"line":17,"column":78}},{"start":{"line":17,"column":82},"end":{"line":17,"column":83}}]},"2":{"loc":{"start":{"line":22,"column":44},"end":{"line":22,"column":62}},"type":"default-arg","locations":[{"start":{"line":22,"column":60},"end":{"line":22,"column":62}}]}},"s":{"0":2,"1":2,"2":2,"3":0,"4":0,"5":0,"6":1,"7":1,"8":1},"f":{"0":0,"1":1},"b":{"0":[0,0],"1":[0,0],"2":[0]}}
,"/mnt/c/Users/muliengineer/AquaSentinel/Backend/src/models/pumpSessions.model.tsx": {"path":"/mnt/c/Users/muliengineer/AquaSentinel/Backend/src/models/pumpSessions.model.tsx","statementMap":{"0":{"start":{"line":5,"column":0},"end":{"line":5,"column":7}},"1":{"start":{"line":91,"column":0},"end":{"line":91,"column":7}},"2":{"start":{"line":102,"column":0},"end":{"line":102,"column":7}},"3":{"start":{"line":118,"column":0},"end":{"line":118,"column":7}},"4":{"start":{"line":1,"column":0},"end":{"line":1,"column":34}},"5":{"start":{"line":6,"column":14},"end":{"line":6,"column":24}},"6":{"start":{"line":7,"column":18},"end":{"line":11,"column":4}},"7":{"start":{"line":12,"column":2},"end":{"line":12,"column":36}},"8":{"start":{"line":13,"column":2},"end":{"line":28,"column":3}},"9":{"start":{"line":14,"column":18},"end":{"line":19,"column":6}},"10":{"start":{"line":21,"column":4},"end":{"line":27,"column":5}},"11":{"start":{"line":22,"column":6},"end":{"line":25,"column":36}},"12":{"start":{"line":26,"column":6},"end":{"line":26,"column":42}},"13":{"start":{"line":30,"column":2},"end":{"line":77,"column":3}},"14":{"start":{"line":31,"column":21},"end":{"line":36,"column":6}},"15":{"start":{"line":38,"column":4},"end":{"line":76,"column":5}},"16":{"start":{"line":39,"column":22},"end":{"line":39,"column":29}},"17":{"start":{"line":40,"column":27},"end":{"line":40,"column":68}},"18":{"start":{"line":42,"column":27},"end":{"line":42,"column":40}},"19":{"start":{"line":43,"column":6},"end":{"line":43,"column":43}},"20":{"start":{"line":45,"column":30},"end":{"line":45,"column":84}},"21":{"start":{"line":46,"column":23},"end":{"line":46,"column":49}},"22":{"start":{"line":48,"column":22},"end":{"line":48,"column":29}},"23":{"start":{"line":50,"column":33},"end":{"line":56,"column":39}},"24":{"start":{"line":58,"column":24},"end":{"line":58,"column":88}},"25":{"start":{"line":58,"column":42},"end":{"line":58,"column":64}},"26":{"start":{"line":58,"column":78},"end":{"line":58,"column":87}},"27":{"start":{"line":59,"column":22},"end":{"line":61,"column":11}},"28":{"start":{"line":60,"column":39},"end":{"line":60,"column":46}},"29":{"start":{"line":63,"column":26},"end":{"line":63,"column":64}},"30":{"start":{"line":64,"column":26},"end":{"line":64,"column":81}},"31":{"start":{"line":66,"column":6},"end":{"line":73,"column":68}},"32":{"start":{"line":75,"column":6},"end":{"line":75,"column":40}},"33":{"start":{"line":79,"column":17},"end":{"line":83,"column":4}},"34":{"start":{"line":84,"column":2},"end":{"line":84,"column":54}},"35":{"start":{"line":85,"column":2},"end":{"line":85,"column":24}},"36":{"start":{"line":92,"column":19},"end":{"line":98,"column":4}},"37":{"start":{"line":100,"column":2},"end":{"line":100,"column":52}},"38":{"start":{"line":103,"column":17},"end":{"line":114,"column":12}},"39":{"start":{"line":115,"column":2},"end":{"line":115,"column":21}},"40":{"start":{"line":119,"column":17},"end":{"line":122,"column":6}},"41":{"start":{"line":123,"column":2},"end":{"line":123,"column":21}},"42":{"start":{"line":126,"column":38},"end":{"line":139,"column":1}},"43":{"start":{"line":127,"column":17},"end":{"line":136,"column":12}},"44":{"start":{"line":137,"column":2},"end":{"line":137,"column":48}},"45":{"start":{"line":138,"column":2},"end":{"line":138,"column":21}},"46":{"start":{"line":126,"column":13},"end":{"line":126,"column":38}}},"fnMap":{"0":{"name":"logPumpSession","decl":{"start":{"line":5,"column":22},"end":{"line":5,"column":36}},"loc":{"start":{"line":5,"column":74},"end":{"line":86,"column":1}}},"1":{"name":"(anonymous_1)","decl":{"start":{"line":58,"column":37},"end":{"line":58,"column":38}},"loc":{"start":{"line":58,"column":42},"end":{"line":58,"column":64}}},"2":{"name":"(anonymous_2)","decl":{"start":{"line":58,"column":73},"end":{"line":58,"column":74}},"loc":{"start":{"line":58,"column":78},"end":{"line":58,"column":87}}},"3":{"name":"(anonymous_3)","decl":{"start":{"line":60,"column":27},"end":{"line":60,"column":28}},"loc":{"start":{"line":60,"column":39},"end":{"line":60,"column":46}}},"4":{"name":"getLastPumpStatus","decl":{"start":{"line":91,"column":22},"end":{"line":91,"column":39}},"loc":{"start":{"line":91,"column":39},"end":{"line":101,"column":1}}},"5":{"name":"getPumpSessionsByUserId","decl":{"start":{"line":102,"column":22},"end":{"line":102,"column":45}},"loc":{"start":{"line":102,"column":60},"end":{"line":116,"column":1}}},"6":{"name":"fetchAllPumpSessions","decl":{"start":{"line":118,"column":22},"end":{"line":118,"column":42}},"loc":{"start":{"line":118,"column":42},"end":{"line":124,"column":1}}},"7":{"name":"(anonymous_7)","decl":{"start":{"line":126,"column":38},"end":{"line":126,"column":43}},"loc":{"start":{"line":126,"column":63},"end":{"line":139,"column":1}}}},"branchMap":{"0":{"loc":{"start":{"line":13,"column":2},"end":{"line":28,"column":3}},"type":"if","locations":[{"start":{"line":13,"column":2},"end":{"line":28,"column":3}},{"start":{},"end":{}}]},"1":{"loc":{"start":{"line":21,"column":4},"end":{"line":27,"column":5}},"type":"if","locations":[{"start":{"line":21,"column":4},"end":{"line":27,"column":5}},{"start":{},"end":{}}]},"2":{"loc":{"start":{"line":25,"column":19},"end":{"line":25,"column":33}},"type":"binary-expr","locations":[{"start":{"line":25,"column":19},"end":{"line":25,"column":25}},{"start":{"line":25,"column":29},"end":{"line":25,"column":33}}]},"3":{"loc":{"start":{"line":30,"column":2},"end":{"line":77,"column":3}},"type":"if","locations":[{"start":{"line":30,"column":2},"end":{"line":77,"column":3}},{"start":{},"end":{}}]},"4":{"loc":{"start":{"line":38,"column":4},"end":{"line":76,"column":5}},"type":"if","locations":[{"start":{"line":38,"column":4},"end":{"line":76,"column":5}},{"start":{},"end":{}}]},"5":{"loc":{"start":{"line":59,"column":22},"end":{"line":61,"column":11}},"type":"cond-expr","locations":[{"start":{"line":60,"column":10},"end":{"line":60,"column":69}},{"start":{"line":61,"column":10},"end":{"line":61,"column":11}}]},"6":{"loc":{"start":{"line":64,"column":26},"end":{"line":64,"column":81}},"type":"cond-expr","locations":[{"start":{"line":64,"column":57},"end":{"line":64,"column":67}},{"start":{"line":64,"column":70},"end":{"line":64,"column":81}}]},"7":{"loc":{"start":{"line":100,"column":9},"end":{"line":100,"column":51}},"type":"binary-expr","locations":[{"start":{"line":100,"column":9},"end":{"line":100,"column":43}},{"start":{"line":100,"column":47},"end":{"line":100,"column":51}}]}},"s":{"0":2,"1":2,"2":2,"3":2,"4":2,"5":0,"6":0,"7":0,"8":0,"9":0,"10":0,"11":0,"12":0,"13":0,"14":0,"15":0,"16":0,"17":0,"18":0,"19":0,"20":0,"21":0,"22":0,"23":0,"24":0,"25":0,"26":0,"27":0,"28":0,"29":0,"30":0,"31":0,"32":0,"33":0,"34":0,"35":0,"36":0,"37":0,"38":0,"39":0,"40":0,"41":0,"42":2,"43":0,"44":0,"45":0,"46":2},"f":{"0":0,"1":0,"2":0,"3":0,"4":0,"5":0,"6":0,"7":0},"b":{"0":[0,0],"1":[0,0],"2":[0,0],"3":[0,0],"4":[0,0],"5":[0,0],"6":[0,0],"7":[0,0]}}
,"/mnt/c/Users/muliengineer/AquaSentinel/Backend/src/models/user.model.ts": {"path":"/mnt/c/Users/muliengineer/AquaSentinel/Backend/src/models/user.model.ts","statementMap":{"0":{"start":{"line":1,"column":0},"end":{"line":1,"column":34}},"1":{"start":{"line":3,"column":20},"end":{"line":17,"column":1}},"2":{"start":{"line":12,"column":17},"end":{"line":14,"column":null}},"3":{"start":{"line":16,"column":2},"end":{"line":16,"column":24}},"4":{"start":{"line":3,"column":13},"end":{"line":3,"column":20}},"5":{"start":{"line":19,"column":30},"end":{"line":24,"column":1}},"6":{"start":{"line":20,"column":17},"end":{"line":22,"column":4}},"7":{"start":{"line":23,"column":2},"end":{"line":23,"column":24}},"8":{"start":{"line":19,"column":13},"end":{"line":19,"column":30}},"9":{"start":{"line":26,"column":38},"end":{"line":42,"column":1}},"10":{"start":{"line":27,"column":2},"end":{"line":41,"column":3}},"11":{"start":{"line":28,"column":19},"end":{"line":30,"column":null}},"12":{"start":{"line":33,"column":4},"end":{"line":35,"column":5}},"13":{"start":{"line":34,"column":6},"end":{"line":34,"column":40}},"14":{"start":{"line":37,"column":4},"end":{"line":37,"column":26}},"15":{"start":{"line":39,"column":4},"end":{"line":39,"column":59}},"16":{"start":{"line":40,"column":4},"end":{"line":40,"column":16}},"17":{"start":{"line":26,"column":13},"end":{"line":26,"column":38}}},"fnMap":{"0":{"name":"(anonymous_0)","decl":{"start":{"line":3,"column":20},"end":{"line":3,"column":25}},"loc":{"start":{"line":11,"column":4},"end":{"line":17,"column":1}}},"1":{"name":"(anonymous_1)","decl":{"start":{"line":19,"column":30},"end":{"line":19,"column":35}},"loc":{"start":{"line":19,"column":54},"end":{"line":24,"column":1}}},"2":{"name":"(anonymous_2)","decl":{"start":{"line":26,"column":38},"end":{"line":26,"column":43}},"loc":{"start":{"line":26,"column":95},"end":{"line":42,"column":1}}}},"branchMap":{"0":{"loc":{"start":{"line":33,"column":4},"end":{"line":35,"column":5}},"type":"if","locations":[{"start":{"line":33,"column":4},"end":{"line":35,"column":5}},{"start":{},"end":{}}]}},"s":{"0":2,"1":2,"2":0,"3":0,"4":2,"5":2,"6":10,"7":10,"8":2,"9":2,"10":0,"11":0,"12":0,"13":0,"14":0,"15":0,"16":0,"17":2},"f":{"0":0,"1":10,"2":0},"b":{"0":[0,0]}}
,"/mnt/c/Users/muliengineer/AquaSentinel/Backend/src/models/waterFlow.model.ts": {"path":"/mnt/c/Users/muliengineer/AquaSentinel/Backend/src/models/waterFlow.model.ts","statementMap":{"0":{"start":{"line":14,"column":0},"end":{"line":14,"column":7}},"1":{"start":{"line":34,"column":0},"end":{"line":34,"column":7}},"2":{"start":{"line":44,"column":0},"end":{"line":44,"column":7}},"3":{"start":{"line":63,"column":0},"end":{"line":63,"column":7}},"4":{"start":{"line":95,"column":0},"end":{"line":95,"column":7}},"5":{"start":{"line":128,"column":0},"end":{"line":128,"column":7}},"6":{"start":{"line":151,"column":0},"end":{"line":151,"column":7}},"7":{"start":{"line":172,"column":0},"end":{"line":172,"column":7}},"8":{"start":{"line":1,"column":0},"end":{"line":1,"column":34}},"9":{"start":{"line":15,"column":16},"end":{"line":18,"column":4}},"10":{"start":{"line":19,"column":17},"end":{"line":27,"column":4}},"11":{"start":{"line":30,"column":2},"end":{"line":30,"column":40}},"12":{"start":{"line":35,"column":19},"end":{"line":39,"column":13}},"13":{"start":{"line":41,"column":2},"end":{"line":41,"column":14}},"14":{"start":{"line":45,"column":16},"end":{"line":58,"column":4}},"15":{"start":{"line":60,"column":19},"end":{"line":60,"column":98}},"16":{"start":{"line":61,"column":2},"end":{"line":61,"column":36}},"17":{"start":{"line":64,"column":16},"end":{"line":85,"column":4}},"18":{"start":{"line":87,"column":19},"end":{"line":90,"column":4}},"19":{"start":{"line":92,"column":2},"end":{"line":92,"column":46}},"20":{"start":{"line":96,"column":16},"end":{"line":115,"column":4}},"21":{"start":{"line":117,"column":19},"end":{"line":121,"column":4}},"22":{"start":{"line":123,"column":2},"end":{"line":123,"column":14}},"23":{"start":{"line":129,"column":16},"end":{"line":139,"column":2}},"24":{"start":{"line":141,"column":19},"end":{"line":145,"column":4}},"25":{"start":{"line":147,"column":2},"end":{"line":147,"column":24}},"26":{"start":{"line":152,"column":16},"end":{"line":160,"column":4}},"27":{"start":{"line":161,"column":2},"end":{"line":161,"column":37}},"28":{"start":{"line":162,"column":19},"end":{"line":165,"column":4}},"29":{"start":{"line":166,"column":2},"end":{"line":166,"column":28}},"30":{"start":{"line":167,"column":2},"end":{"line":167,"column":14}},"31":{"start":{"line":173,"column":16},"end":{"line":178,"column":4}},"32":{"start":{"line":179,"column":19},"end":{"line":179,"column":58}},"33":{"start":{"line":180,"column":2},"end":{"line":180,"column":14}}},"fnMap":{"0":{"name":"saveWaterFlowData","decl":{"start":{"line":14,"column":22},"end":{"line":14,"column":39}},"loc":{"start":{"line":14,"column":61},"end":{"line":31,"column":1}}},"1":{"name":"getRecentWaterFlowData","decl":{"start":{"line":34,"column":22},"end":{"line":34,"column":44}},"loc":{"start":{"line":34,"column":55},"end":{"line":42,"column":1}}},"2":{"name":"getTotalWaterUsed","decl":{"start":{"line":44,"column":22},"end":{"line":44,"column":39}},"loc":{"start":{"line":44,"column":70},"end":{"line":62,"column":1}}},"3":{"name":"getPumpRuntime","decl":{"start":{"line":63,"column":22},"end":{"line":63,"column":36}},"loc":{"start":{"line":63,"column":67},"end":{"line":93,"column":1}}},"4":{"name":"getWaterUsageTodayBuckets","decl":{"start":{"line":95,"column":22},"end":{"line":95,"column":47}},"loc":{"start":{"line":95,"column":84},"end":{"line":124,"column":1}}},"5":{"name":"getFlowRateBuckets","decl":{"start":{"line":128,"column":22},"end":{"line":128,"column":40}},"loc":{"start":{"line":128,"column":98},"end":{"line":148,"column":1}}},"6":{"name":"getFlowRateDataLastHour","decl":{"start":{"line":151,"column":22},"end":{"line":151,"column":45}},"loc":{"start":{"line":151,"column":76},"end":{"line":168,"column":1}}},"7":{"name":"getAllWaterFlowDataPerUser","decl":{"start":{"line":172,"column":22},"end":{"line":172,"column":48}},"loc":{"start":{"line":172,"column":63},"end":{"line":181,"column":1}}}},"branchMap":{"0":{"loc":{"start":{"line":34,"column":45},"end":{"line":34,"column":55}},"type":"default-arg","locations":[{"start":{"line":34,"column":53},"end":{"line":34,"column":55}}]},"1":{"loc":{"start":{"line":61,"column":9},"end":{"line":61,"column":35}},"type":"binary-expr","locations":[{"start":{"line":61,"column":9},"end":{"line":61,"column":30}},{"start":{"line":61,"column":34},"end":{"line":61,"column":35}}]},"2":{"loc":{"start":{"line":92,"column":10},"end":{"line":92,"column":39}},"type":"binary-expr","locations":[{"start":{"line":92,"column":10},"end":{"line":92,"column":34}},{"start":{"line":92,"column":38},"end":{"line":92,"column":39}}]},"3":{"loc":{"start":{"line":95,"column":64},"end":{"line":95,"column":84}},"type":"default-arg","locations":[{"start":{"line":95,"column":82},"end":{"line":95,"column":84}}]},"4":{"loc":{"start":{"line":128,"column":73},"end":{"line":128,"column":98}},"type":"default-arg","locations":[{"start":{"line":128,"column":97},"end":{"line":128,"column":98}}]}},"s":{"0":2,"1":2,"2":2,"3":2,"4":2,"5":2,"6":2,"7":2,"8":2,"9":0,"10":0,"11":0,"12":1,"13":1,"14":1,"15":1,"16":1,"17":1,"18":1,"19":1,"20":1,"21":1,"22":1,"23":1,"24":1,"25":1,"26":0,"27":0,"28":0,"29":0,"30":0,"31":1,"32":1,"33":1},"f":{"0":0,"1":1,"2":1,"3":1,"4":1,"5":1,"6":0,"7":1},"b":{"0":[0],"1":[1,1],"2":[1,1],"3":[1],"4":[0]}}
,"/mnt/c/Users/muliengineer/AquaSentinel/Backend/src/routes/auth.routes.ts": {"path":"/mnt/c/Users/muliengineer/AquaSentinel/Backend/src/routes/auth.routes.ts","statementMap":{"0":{"start":{"line":1,"column":0},"end":{"line":1,"column":33}},"1":{"start":{"line":2,"column":0},"end":{"line":2,"column":null}},"2":{"start":{"line":9,"column":15},"end":{"line":9,"column":23}},"3":{"start":{"line":11,"column":0},"end":{"line":11,"column":35}},"4":{"start":{"line":12,"column":0},"end":{"line":12,"column":29}},"5":{"start":{"line":13,"column":0},"end":{"line":13,"column":31}},"6":{"start":{"line":14,"column":0},"end":{"line":14,"column":45}},"7":{"start":{"line":15,"column":0},"end":{"line":15,"column":38}},"8":{"start":{"line":17,"column":0},"end":{"line":17,"column":22}}},"fnMap":{},"branchMap":{},"s":{"0":2,"1":2,"2":2,"3":2,"4":2,"5":2,"6":2,"7":2,"8":2},"f":{},"b":{}}
,"/mnt/c/Users/muliengineer/AquaSentinel/Backend/src/routes/dashboard.routes.ts": {"path":"/mnt/c/Users/muliengineer/AquaSentinel/Backend/src/routes/dashboard.routes.ts","statementMap":{"0":{"start":{"line":1,"column":0},"end":{"line":1,"column":33}},"1":{"start":{"line":2,"column":0},"end":{"line":2,"column":null}},"2":{"start":{"line":7,"column":0},"end":{"line":7,"column":64}},"3":{"start":{"line":8,"column":0},"end":{"line":8,"column":63}},"4":{"start":{"line":9,"column":24},"end":{"line":9,"column":32}},"5":{"start":{"line":12,"column":0},"end":{"line":17,"column":2}},"6":{"start":{"line":20,"column":0},"end":{"line":25,"column":2}},"7":{"start":{"line":28,"column":0},"end":{"line":33,"column":2}},"8":{"start":{"line":35,"column":0},"end":{"line":35,"column":31}}},"fnMap":{},"branchMap":{},"s":{"0":2,"1":2,"2":2,"3":2,"4":2,"5":2,"6":2,"7":2,"8":2},"f":{},"b":{}}
,"/mnt/c/Users/muliengineer/AquaSentinel/Backend/src/routes/sensor.routes.ts": {"path":"/mnt/c/Users/muliengineer/AquaSentinel/Backend/src/routes/sensor.routes.ts","statementMap":{"0":{"start":{"line":1,"column":0},"end":{"line":1,"column":33}},"1":{"start":{"line":2,"column":0},"end":{"line":2,"column":237}},"2":{"start":{"line":3,"column":0},"end":{"line":3,"column":64}},"3":{"start":{"line":4,"column":0},"end":{"line":4,"column":147}},"4":{"start":{"line":6,"column":23},"end":{"line":6,"column":31}},"5":{"start":{"line":9,"column":0},"end":{"line":9,"column":53}},"6":{"start":{"line":10,"column":0},"end":{"line":10,"column":75}},"7":{"start":{"line":12,"column":0},"end":{"line":12,"column":56}},"8":{"start":{"line":13,"column":0},"end":{"line":13,"column":78}},"9":{"start":{"line":14,"column":0},"end":{"line":14,"column":81}},"10":{"start":{"line":15,"column":0},"end":{"line":15,"column":76}},"11":{"start":{"line":16,"column":0},"end":{"line":16,"column":78}},"12":{"start":{"line":17,"column":0},"end":{"line":17,"column":81}},"13":{"start":{"line":18,"column":0},"end":{"line":18,"column":76}},"14":{"start":{"line":19,"column":0},"end":{"line":19,"column":90}},"15":{"start":{"line":23,"column":0},"end":{"line":23,"column":78}},"16":{"start":{"line":24,"column":0},"end":{"line":24,"column":78}},"17":{"start":{"line":25,"column":0},"end":{"line":25,"column":88}},"18":{"start":{"line":26,"column":0},"end":{"line":26,"column":109}},"19":{"start":{"line":31,"column":0},"end":{"line":31,"column":30}}},"fnMap":{},"branchMap":{},"s":{"0":2,"1":2,"2":2,"3":2,"4":2,"5":2,"6":2,"7":2,"8":2,"9":2,"10":2,"11":2,"12":2,"13":2,"14":2,"15":2,"16":2,"17":2,"18":2,"19":2},"f":{},"b":{}}
,"/mnt/c/Users/muliengineer/AquaSentinel/Backend/src/routes/user.routes.ts": {"path":"/mnt/c/Users/muliengineer/AquaSentinel/Backend/src/routes/user.routes.ts","statementMap":{"0":{"start":{"line":1,"column":0},"end":{"line":1,"column":33}},"1":{"start":{"line":2,"column":0},"end":{"line":2,"column":86}},"2":{"start":{"line":3,"column":0},"end":{"line":3,"column":64}},"3":{"start":{"line":4,"column":0},"end":{"line":4,"column":63}},"4":{"start":{"line":5,"column":0},"end":{"line":5,"column":46}},"5":{"start":{"line":7,"column":19},"end":{"line":7,"column":27}},"6":{"start":{"line":8,"column":0},"end":{"line":13,"column":2}},"7":{"start":{"line":14,"column":0},"end":{"line":14,"column":54}},"8":{"start":{"line":15,"column":0},"end":{"line":15,"column":89}},"9":{"start":{"line":16,"column":0},"end":{"line":16,"column":26}}},"fnMap":{},"branchMap":{},"s":{"0":2,"1":2,"2":2,"3":2,"4":2,"5":2,"6":2,"7":2,"8":2,"9":2},"f":{},"b":{}}
,"/mnt/c/Users/muliengineer/AquaSentinel/Backend/src/utils/tokenManager.ts": {"path":"/mnt/c/Users/muliengineer/AquaSentinel/Backend/src/utils/tokenManager.ts","statementMap":{"0":{"start":{"line":5,"column":0},"end":{"line":5,"column":16}},"1":{"start":{"line":14,"column":0},"end":{"line":14,"column":16}},"2":{"start":{"line":17,"column":0},"end":{"line":17,"column":16}},"3":{"start":{"line":21,"column":0},"end":{"line":21,"column":16}},"4":{"start":{"line":26,"column":0},"end":{"line":26,"column":16}},"5":{"start":{"line":35,"column":0},"end":{"line":35,"column":16}},"6":{"start":{"line":1,"column":0},"end":{"line":1,"column":20}},"7":{"start":{"line":3,"column":13},"end":{"line":3,"column":32}},"8":{"start":{"line":9,"column":2},"end":{"line":9,"column":57}},"9":{"start":{"line":9,"column":28},"end":{"line":9,"column":57}},"10":{"start":{"line":10,"column":15},"end":{"line":10,"column":51}},"11":{"start":{"line":11,"column":2},"end":{"line":11,"column":38}},"12":{"start":{"line":15,"column":2},"end":{"line":15,"column":58}},"13":{"start":{"line":18,"column":2},"end":{"line":18,"column":31}},"14":{"start":{"line":22,"column":17},"end":{"line":22,"column":35}},"15":{"start":{"line":23,"column":2},"end":{"line":23,"column":31}},"16":{"start":{"line":31,"column":17},"end":{"line":31,"column":35}},"17":{"start":{"line":32,"column":2},"end":{"line":32,"column":45}},"18":{"start":{"line":33,"column":2},"end":{"line":33,"column":27}},"19":{"start":{"line":36,"column":17},"end":{"line":36,"column":35}},"20":{"start":{"line":37,"column":14},"end":{"line":37,"column":76}},"21":{"start":{"line":37,"column":48},"end":{"line":37,"column":75}},"22":{"start":{"line":38,"column":2},"end":{"line":43,"column":3}},"23":{"start":{"line":39,"column":4},"end":{"line":39,"column":23}},"24":{"start":{"line":40,"column":4},"end":{"line":40,"column":29}},"25":{"start":{"line":42,"column":4},"end":{"line":42,"column":35}}},"fnMap":{"0":{"name":"loadActiveTokens","decl":{"start":{"line":5,"column":16},"end":{"line":5,"column":32}},"loc":{"start":{"line":5,"column":32},"end":{"line":12,"column":1}}},"1":{"name":"saveActiveTokens","decl":{"start":{"line":14,"column":16},"end":{"line":14,"column":32}},"loc":{"start":{"line":14,"column":44},"end":{"line":16,"column":1}}},"2":{"name":"removeActiveTokens","decl":{"start":{"line":17,"column":16},"end":{"line":17,"column":34}},"loc":{"start":{"line":17,"column":34},"end":{"line":19,"column":1}}},"3":{"name":"getActiveToken","decl":{"start":{"line":21,"column":16},"end":{"line":21,"column":30}},"loc":{"start":{"line":21,"column":45},"end":{"line":24,"column":1}}},"4":{"name":"setActiveToken","decl":{"start":{"line":26,"column":16},"end":{"line":26,"column":30}},"loc":{"start":{"line":29,"column":24},"end":{"line":34,"column":1}}},"5":{"name":"removeActiveToken","decl":{"start":{"line":35,"column":16},"end":{"line":35,"column":33}},"loc":{"start":{"line":35,"column":47},"end":{"line":44,"column":1}}},"6":{"name":"(anonymous_7)","decl":{"start":{"line":37,"column":39},"end":{"line":37,"column":40}},"loc":{"start":{"line":37,"column":48},"end":{"line":37,"column":75}}}},"branchMap":{"0":{"loc":{"start":{"line":9,"column":2},"end":{"line":9,"column":57}},"type":"if","locations":[{"start":{"line":9,"column":2},"end":{"line":9,"column":57}},{"start":{},"end":{}}]},"1":{"loc":{"start":{"line":11,"column":9},"end":{"line":11,"column":37}},"type":"cond-expr","locations":[{"start":{"line":11,"column":16},"end":{"line":11,"column":32}},{"start":{"line":11,"column":35},"end":{"line":11,"column":37}}]},"2":{"loc":{"start":{"line":38,"column":2},"end":{"line":43,"column":3}},"type":"if","locations":[{"start":{"line":38,"column":2},"end":{"line":43,"column":3}},{"start":{"line":41,"column":9},"end":{"line":43,"column":3}}]}},"s":{"0":2,"1":2,"2":2,"3":2,"4":2,"5":2,"6":2,"7":2,"8":6,"9":0,"10":6,"11":6,"12":4,"13":0,"14":2,"15":2,"16":2,"17":2,"18":2,"19":2,"20":2,"21":12,"22":2,"23":2,"24":2,"25":0},"f":{"0":6,"1":4,"2":0,"3":2,"4":2,"5":2,"6":12},"b":{"0":[0,6],"1":[6,0],"2":[2,0]}}
}
