TN:
SF:src/app.ts
FN:43,(anonymous_1)
FNF:1
FNH:0
FNDA:0,(anonymous_1)
DA:1,2
DA:2,2
DA:3,2
DA:4,2
DA:5,2
DA:6,2
DA:7,2
DA:8,2
DA:9,2
DA:10,2
DA:11,2
DA:12,2
DA:13,2
DA:14,2
DA:17,2
DA:24,2
DA:27,2
DA:31,2
DA:32,2
DA:33,2
DA:34,2
DA:35,2
DA:36,2
DA:37,2
DA:39,2
DA:40,2
DA:43,2
DA:44,0
DA:52,0
DA:54,0
DA:59,2
LF:31
LH:28
BRDA:44,0,0,0
BRDA:44,0,1,0
BRDA:45,1,0,0
BRDA:45,1,1,0
BRDA:45,1,2,0
BRDA:45,1,3,0
BRDA:45,1,4,0
BRDA:45,1,5,0
BRF:8
BRH:0
end_of_record
TN:
SF:src/config/db.ts
FNF:0
FNH:0
DA:1,2
DA:2,2
DA:4,2
DA:10,2
LF:4
LH:4
BRF:0
BRH:0
end_of_record
TN:
SF:src/config/mqttClient.ts
FN:23,(anonymous_1)
FN:29,(anonymous_2)
FNF:2
FNH:0
FNDA:0,(anonymous_1)
FNDA:0,(anonymous_2)
DA:1,2
DA:2,2
DA:4,2
DA:6,2
DA:7,2
DA:9,2
DA:19,2
DA:23,2
DA:24,0
DA:25,0
DA:29,2
DA:30,0
DA:33,2
LF:13
LH:10
BRDA:11,0,0,2
BRDA:11,0,1,0
BRDA:24,1,0,0
BRDA:24,1,1,0
BRF:4
BRH:1
end_of_record
TN:
SF:src/config/pumpSession.getter.tsx
FN:3,setLatestPumpSession
FN:7,getLatestPumpSession
FNF:2
FNH:0
FNDA:0,setLatestPumpSession
FNDA:0,getLatestPumpSession
DA:1,2
DA:3,2
DA:4,0
DA:7,2
DA:8,0
LF:5
LH:3
BRF:0
BRH:0
end_of_record
TN:
SF:src/controllers/auth.controller.ts
FN:15,(anonymous_1)
FN:40,(anonymous_2)
FN:88,(anonymous_3)
FN:105,(anonymous_4)
FN:118,(anonymous_5)
FN:136,(anonymous_6)
FN:139,(anonymous_7)
FN:146,(anonymous_8)
FN:160,(anonymous_9)
FN:168,(anonymous_10)
FN:182,(anonymous_11)
FNF:11
FNH:5
FNDA:6,(anonymous_1)
FNDA:4,(anonymous_2)
FNDA:2,(anonymous_3)
FNDA:2,(anonymous_4)
FNDA:1,(anonymous_5)
FNDA:0,(anonymous_6)
FNDA:0,(anonymous_7)
FNDA:0,(anonymous_8)
FNDA:0,(anonymous_9)
FNDA:0,(anonymous_10)
FNDA:0,(anonymous_11)
DA:1,2
DA:3,2
DA:4,2
DA:5,2
DA:6,2
DA:13,2
DA:15,2
DA:17,6
DA:18,6
DA:19,6
DA:20,6
DA:21,2
DA:23,4
DA:24,4
DA:25,2
DA:28,4
DA:29,4
DA:33,3
DA:36,1
DA:40,2
DA:41,4
DA:43,4
DA:44,4
DA:45,4
DA:46,2
DA:49,4
DA:50,2
DA:51,0
DA:59,2
DA:69,2
DA:70,2
DA:71,2
DA:73,2
DA:82,2
DA:87,2
DA:88,2
DA:89,2
DA:90,0
DA:92,2
DA:93,0
DA:95,2
DA:96,2
DA:97,2
DA:99,0
DA:105,2
DA:106,2
DA:107,2
DA:108,0
DA:110,2
DA:111,2
DA:113,2
DA:115,2
DA:119,1
DA:120,0
DA:121,1
DA:125,2
DA:126,2
DA:127,2
DA:129,0
DA:130,0
DA:136,2
DA:137,0
DA:138,0
DA:139,0
DA:140,0
DA:143,0
DA:147,0
DA:148,0
DA:149,0
DA:153,0
DA:154,0
DA:156,0
DA:157,0
DA:160,2
DA:161,0
DA:163,0
DA:165,0
DA:169,0
DA:170,0
DA:171,0
DA:175,0
DA:176,0
DA:178,0
DA:182,2
DA:183,0
DA:184,0
DA:185,0
DA:186,0
DA:189,0
DA:191,0
DA:192,0
DA:195,0
DA:197,0
DA:198,0
DA:202,0
DA:203,0
DA:206,0
DA:207,0
DA:208,0
DA:209,0
DA:210,0
DA:211,0
DA:212,0
DA:213,0
DA:216,0
DA:217,0
DA:222,0
DA:224,0
DA:225,0
DA:230,0
LF:110
LH:55
BRDA:20,0,0,2
BRDA:20,0,1,4
BRDA:23,1,0,4
BRDA:23,1,1,0
BRDA:24,2,0,2
BRDA:24,2,1,2
BRDA:24,3,0,4
BRDA:24,3,1,2
BRDA:24,3,2,2
BRDA:45,4,0,2
BRDA:45,4,1,2
BRDA:45,5,0,4
BRDA:45,5,1,2
BRDA:50,6,0,0
BRDA:50,6,1,2
BRDA:50,7,0,2
BRDA:50,7,1,0
BRDA:64,8,0,2
BRDA:64,8,1,0
BRDA:89,9,0,0
BRDA:89,9,1,2
BRDA:92,10,0,0
BRDA:92,10,1,2
BRDA:107,11,0,0
BRDA:107,11,1,2
BRDA:111,12,0,2
BRDA:111,12,1,0
BRDA:119,13,0,0
BRDA:119,13,1,1
BRDA:147,14,0,0
BRDA:147,14,1,0
BRDA:169,15,0,0
BRDA:169,15,1,0
BRDA:184,16,0,0
BRDA:184,16,1,0
BRDA:191,17,0,0
BRDA:191,17,1,0
BRDA:200,18,0,0
BRDA:200,18,1,0
BRDA:202,19,0,0
BRDA:202,19,1,0
BRDA:206,20,0,0
BRDA:206,20,1,0
BRDA:211,21,0,0
BRDA:211,21,1,0
BRDA:224,22,0,0
BRDA:224,22,1,0
BRF:47
BRH:20
end_of_record
TN:
SF:src/controllers/dashboard.controller.ts
FN:4,(anonymous_0)
FN:12,(anonymous_1)
FN:20,(anonymous_2)
FNF:3
FNH:0
FNDA:0,(anonymous_0)
FNDA:0,(anonymous_1)
FNDA:0,(anonymous_2)
DA:4,2
DA:8,0
DA:9,0
DA:12,2
DA:16,0
DA:17,0
DA:20,2
DA:24,0
DA:25,0
DA:26,0
DA:27,0
LF:11
LH:3
BRF:0
BRH:0
end_of_record
TN:
SF:src/controllers/farmerAI.ts
FN:8,(anonymous_1)
FNF:1
FNH:0
FNDA:0,(anonymous_1)
DA:2,2
DA:3,2
DA:5,2
DA:6,2
DA:8,2
DA:9,0
DA:11,0
DA:12,0
DA:18,0
DA:20,0
DA:22,0
DA:23,0
DA:27,2
LF:13
LH:6
BRF:0
BRH:0
end_of_record
TN:
SF:src/controllers/providerAi.controller.tsx
FN:8,(anonymous_1)
FNF:1
FNH:0
FNDA:0,(anonymous_1)
DA:2,2
DA:3,2
DA:5,2
DA:6,2
DA:8,2
DA:9,0
DA:11,0
DA:12,0
DA:18,0
DA:20,0
DA:22,0
DA:23,0
DA:27,2
LF:13
LH:6
BRF:0
BRH:0
end_of_record
TN:
SF:src/controllers/pumpSessions.controller.tsx
FN:5,(anonymous_0)
FN:24,(anonymous_1)
FN:40,(anonymous_2)
FN:50,(anonymous_3)
FN:54,(anonymous_4)
FNF:5
FNH:0
FNDA:0,(anonymous_0)
FNDA:0,(anonymous_1)
FNDA:0,(anonymous_2)
FNDA:0,(anonymous_3)
FNDA:0,(anonymous_4)
DA:2,2
DA:3,2
DA:5,2
DA:6,0
DA:7,0
DA:8,0
DA:9,0
DA:11,0
DA:13,0
DA:14,0
DA:16,0
DA:20,0
DA:21,0
DA:24,2
DA:25,0
DA:26,0
DA:27,0
DA:29,0
DA:30,0
DA:31,0
DA:33,0
DA:34,0
DA:40,2
DA:41,0
DA:42,0
DA:43,0
DA:45,0
DA:46,0
DA:50,2
DA:51,0
DA:52,0
DA:53,0
DA:54,0
DA:55,0
DA:57,0
DA:58,0
LF:36
LH:6
BRDA:8,0,0,0
BRDA:8,0,1,0
BRDA:13,1,0,0
BRDA:13,1,1,0
BRDA:13,2,0,0
BRDA:13,2,1,0
BRDA:26,3,0,0
BRDA:26,3,1,0
BRF:8
BRH:0
end_of_record
TN:
SF:src/controllers/rabAI.controller.ts
FN:8,(anonymous_1)
FNF:1
FNH:0
FNDA:0,(anonymous_1)
DA:2,2
DA:3,2
DA:5,2
DA:6,2
DA:8,2
DA:9,0
DA:11,0
DA:12,0
DA:18,0
DA:20,0
DA:22,0
DA:23,0
DA:27,2
LF:13
LH:6
BRF:0
BRH:0
end_of_record
TN:
SF:src/controllers/sensor.controller.ts
FN:10,startWaterFlowLoop
FN:14,(anonymous_1)
FN:55,startMoistureLoop
FN:59,(anonymous_3)
FN:95,(anonymous_4)
FN:115,(anonymous_5)
FN:136,(anonymous_6)
FN:150,(anonymous_7)
FN:163,(anonymous_8)
FN:176,fetchAllWaterFlowDataPerUser
FN:189,(anonymous_10)
FN:205,(anonymous_11)
FNF:12
FNH:7
FNDA:0,startWaterFlowLoop
FNDA:0,(anonymous_1)
FNDA:0,startMoistureLoop
FNDA:0,(anonymous_3)
FNDA:1,(anonymous_4)
FNDA:1,(anonymous_5)
FNDA:1,(anonymous_6)
FNDA:1,(anonymous_7)
FNDA:1,(anonymous_8)
FNDA:1,fetchAllWaterFlowDataPerUser
FNDA:0,(anonymous_10)
FNDA:1,(anonymous_11)
DA:2,2
DA:3,2
DA:4,2
DA:5,2
DA:6,2
DA:10,2
DA:11,0
DA:12,0
DA:14,0
DA:15,0
DA:16,0
DA:17,0
DA:18,0
DA:19,0
DA:21,0
DA:22,0
DA:23,0
DA:24,0
DA:25,0
DA:27,0
DA:28,0
DA:33,0
DA:34,0
DA:44,0
DA:47,0
DA:55,2
DA:56,0
DA:57,0
DA:59,0
DA:60,0
DA:61,0
DA:62,0
DA:63,0
DA:64,0
DA:66,0
DA:67,0
DA:68,0
DA:69,0
DA:70,0
DA:71,0
DA:72,0
DA:74,0
DA:76,0
DA:83,0
DA:86,0
DA:95,2
DA:96,1
DA:97,1
DA:98,0
DA:99,0
DA:101,1
DA:102,1
DA:107,0
DA:108,0
DA:115,2
DA:116,1
DA:117,1
DA:118,0
DA:120,0
DA:122,1
DA:123,1
DA:124,1
DA:130,0
DA:131,0
DA:136,2
DA:137,1
DA:138,1
DA:139,1
DA:140,1
DA:141,1
DA:143,0
DA:144,0
DA:150,2
DA:151,1
DA:152,1
DA:153,1
DA:154,1
DA:156,1
DA:158,0
DA:159,0
DA:163,2
DA:164,1
DA:165,1
DA:166,1
DA:167,1
DA:168,1
DA:170,0
DA:171,0
DA:176,2
DA:177,1
DA:179,1
DA:180,1
DA:181,1
DA:184,0
DA:185,0
DA:189,2
DA:190,0
DA:191,0
DA:198,0
DA:200,0
DA:201,0
DA:205,2
DA:206,1
DA:207,1
DA:208,1
DA:209,0
DA:212,1
DA:213,1
DA:215,0
DA:216,0
LF:110
LH:48
BRDA:16,0,0,0
BRDA:16,0,1,0
BRDA:17,1,0,0
BRDA:17,1,1,0
BRDA:17,2,0,0
BRDA:17,2,1,0
BRDA:24,3,0,0
BRDA:24,3,1,0
BRDA:25,4,0,0
BRDA:25,4,1,0
BRDA:27,5,0,0
BRDA:27,5,1,0
BRDA:61,6,0,0
BRDA:61,6,1,0
BRDA:62,7,0,0
BRDA:62,7,1,0
BRDA:62,8,0,0
BRDA:62,8,1,0
BRDA:67,9,0,0
BRDA:67,9,1,0
BRDA:68,10,0,0
BRDA:68,10,1,0
BRDA:70,11,0,0
BRDA:70,11,1,0
BRDA:80,12,0,0
BRDA:80,12,1,0
BRDA:97,13,0,0
BRDA:97,13,1,1
BRDA:117,14,0,0
BRDA:117,14,1,1
BRDA:123,15,0,1
BRDA:123,15,1,0
BRDA:208,16,0,0
BRDA:208,16,1,1
BRF:34
BRH:4
end_of_record
TN:
SF:src/controllers/user.controller.ts
FN:10,(anonymous_0)
FN:20,(anonymous_1)
FN:55,(anonymous_2)
FNF:3
FNH:0
FNDA:0,(anonymous_0)
FNDA:0,(anonymous_1)
FNDA:0,(anonymous_2)
DA:2,2
DA:10,2
DA:11,0
DA:12,0
DA:13,0
DA:15,0
DA:16,0
DA:20,2
DA:25,0
DA:26,0
DA:27,0
DA:28,0
DA:29,0
DA:31,0
DA:34,0
DA:35,0
DA:37,0
DA:39,0
DA:43,0
DA:47,0
DA:48,0
DA:55,2
DA:56,0
DA:57,0
DA:58,0
DA:59,0
DA:61,0
DA:62,0
DA:63,0
DA:65,0
DA:66,0
DA:67,0
DA:69,0
DA:70,0
DA:71,0
DA:73,0
DA:74,0
DA:75,0
DA:77,0
DA:78,0
DA:79,0
DA:81,0
DA:82,0
DA:83,0
DA:85,0
DA:86,0
DA:87,0
DA:91,0
DA:93,0
DA:94,0
DA:96,0
DA:97,0
DA:99,0
DA:101,0
DA:105,0
DA:106,0
LF:56
LH:4
BRDA:28,0,0,0
BRDA:28,0,1,0
BRDA:34,1,0,0
BRDA:34,1,1,0
BRDA:65,2,0,0
BRDA:65,2,1,0
BRDA:69,3,0,0
BRDA:69,3,1,0
BRDA:73,4,0,0
BRDA:73,4,1,0
BRDA:77,5,0,0
BRDA:77,5,1,0
BRDA:81,6,0,0
BRDA:81,6,1,0
BRDA:85,7,0,0
BRDA:85,7,1,0
BRDA:93,8,0,0
BRDA:93,8,1,0
BRF:18
BRH:0
end_of_record
TN:
SF:src/controllers/userSensorData.ts
FN:4,getUserSensorData
FNF:1
FNH:0
FNDA:0,getUserSensorData
DA:2,2
DA:4,2
DA:5,0
DA:6,0
DA:7,0
DA:10,0
DA:11,0
DA:19,0
DA:24,0
DA:25,0
LF:10
LH:2
BRDA:6,0,0,0
BRDA:6,0,1,0
BRDA:6,1,0,0
BRDA:6,1,1,0
BRF:4
BRH:0
end_of_record
TN:
SF:src/middleware/auth.middleware.ts
FN:8,(anonymous_1)
FNF:1
FNH:0
FNDA:0,(anonymous_1)
DA:2,2
DA:8,2
DA:13,0
DA:15,0
DA:16,0
DA:17,0
DA:18,0
DA:19,0
DA:21,0
DA:26,0
DA:27,0
DA:30,0
DA:33,0
LF:13
LH:2
BRDA:15,0,0,0
BRDA:15,0,1,0
BRDA:15,1,0,0
BRDA:15,1,1,0
BRDA:18,2,0,0
BRDA:18,2,1,0
BRDA:21,3,0,0
BRDA:21,3,1,0
BRF:8
BRH:0
end_of_record
TN:
SF:src/middleware/role.middleware.ts
FN:6,(anonymous_0)
FN:7,(anonymous_1)
FNF:2
FNH:1
FNDA:10,(anonymous_0)
FNDA:0,(anonymous_1)
DA:6,2
DA:7,10
DA:12,0
DA:13,0
DA:17,0
LF:5
LH:2
BRDA:12,0,0,0
BRDA:12,0,1,0
BRDA:12,1,0,0
BRDA:12,1,1,0
BRF:4
BRH:0
end_of_record
TN:
SF:src/middleware/upload.tsx
FN:14,(anonymous_1)
FN:17,(anonymous_2)
FNF:2
FNH:0
FNDA:0,(anonymous_1)
FNDA:0,(anonymous_2)
DA:2,2
DA:3,2
DA:7,2
DA:8,2
DA:9,0
DA:13,2
DA:15,0
DA:18,0
DA:19,0
DA:24,2
LF:10
LH:6
BRDA:8,0,0,0
BRDA:8,0,1,2
BRF:2
BRH:1
end_of_record
TN:
SF:src/models/moisture.model.ts
FN:13,saveMoistureData
FN:23,getRecentMoistureData
FNF:2
FNH:1
FNDA:0,saveMoistureData
FNDA:1,getRecentMoistureData
DA:1,2
DA:13,2
DA:14,0
DA:18,0
DA:19,0
DA:23,2
DA:24,1
DA:29,1
DA:30,1
LF:9
LH:6
BRDA:18,0,0,0
BRDA:18,0,1,0
BRDA:18,1,0,0
BRDA:18,1,1,0
BRDA:23,2,0,0
BRF:5
BRH:0
end_of_record
TN:
SF:src/models/pumpSessions.model.tsx
FN:5,logPumpSession
FN:76,(anonymous_1)
FN:76,(anonymous_2)
FN:78,(anonymous_3)
FN:109,getLastPumpStatus
FN:120,getPumpSessionsByUserId
FN:136,fetchAllPumpSessions
FN:156,(anonymous_7)
FNF:8
FNH:0
FNDA:0,logPumpSession
FNDA:0,(anonymous_1)
FNDA:0,(anonymous_2)
FNDA:0,(anonymous_3)
FNDA:0,getLastPumpStatus
FNDA:0,getPumpSessionsByUserId
FNDA:0,fetchAllPumpSessions
FNDA:0,(anonymous_7)
DA:1,2
DA:5,2
DA:6,0
DA:7,0
DA:12,0
DA:13,0
DA:14,0
DA:21,0
DA:22,0
DA:28,0
DA:30,0
DA:44,0
DA:48,0
DA:49,0
DA:56,0
DA:57,0
DA:58,0
DA:60,0
DA:61,0
DA:63,0
DA:64,0
DA:66,0
DA:68,0
DA:76,0
DA:77,0
DA:78,0
DA:81,0
DA:82,0
DA:84,0
DA:93,0
DA:97,0
DA:102,0
DA:103,0
DA:109,2
DA:110,0
DA:118,0
DA:120,2
DA:121,0
DA:133,0
DA:136,2
DA:137,0
DA:153,0
DA:156,2
DA:157,0
DA:167,0
DA:168,0
LF:46
LH:6
BRDA:13,0,0,0
BRDA:13,0,1,0
BRDA:21,1,0,0
BRDA:21,1,1,0
BRDA:28,2,0,0
BRDA:28,2,1,0
BRDA:37,3,0,0
BRDA:37,3,1,0
BRDA:48,4,0,0
BRDA:48,4,1,0
BRDA:56,5,0,0
BRDA:56,5,1,0
BRDA:77,6,0,0
BRDA:77,6,1,0
BRDA:82,7,0,0
BRDA:82,7,1,0
BRDA:118,8,0,0
BRDA:118,8,1,0
BRF:18
BRH:0
end_of_record
TN:
SF:src/models/user.model.ts
FN:3,(anonymous_0)
FN:19,(anonymous_1)
FN:26,(anonymous_2)
FNF:3
FNH:1
FNDA:0,(anonymous_0)
FNDA:10,(anonymous_1)
FNDA:0,(anonymous_2)
DA:1,2
DA:3,2
DA:12,0
DA:16,0
DA:19,2
DA:20,10
DA:23,10
DA:26,2
DA:27,0
DA:28,0
DA:33,0
DA:34,0
DA:37,0
DA:39,0
DA:40,0
LF:15
LH:6
BRDA:33,0,0,0
BRDA:33,0,1,0
BRF:2
BRH:0
end_of_record
TN:
SF:src/models/waterFlow.model.ts
FN:14,saveWaterFlowData
FN:34,getRecentWaterFlowData
FN:44,getTotalWaterUsed
FN:63,getPumpRuntime
FN:95,getWaterUsageTodayBuckets
FN:128,getFlowRateBuckets
FN:151,getFlowRateDataLastHour
FN:172,getAllWaterFlowDataPerUser
FNF:8
FNH:6
FNDA:0,saveWaterFlowData
FNDA:1,getRecentWaterFlowData
FNDA:1,getTotalWaterUsed
FNDA:1,getPumpRuntime
FNDA:1,getWaterUsageTodayBuckets
FNDA:1,getFlowRateBuckets
FNDA:0,getFlowRateDataLastHour
FNDA:1,getAllWaterFlowDataPerUser
DA:1,2
DA:14,2
DA:15,0
DA:19,0
DA:30,0
DA:34,2
DA:35,1
DA:41,1
DA:44,2
DA:45,1
DA:60,1
DA:61,1
DA:63,2
DA:64,1
DA:87,1
DA:92,1
DA:95,2
DA:96,1
DA:117,1
DA:123,1
DA:128,2
DA:129,1
DA:141,1
DA:147,1
DA:151,2
DA:152,0
DA:161,0
DA:162,0
DA:166,0
DA:167,0
DA:172,2
DA:173,1
DA:180,1
DA:181,1
LF:34
LH:26
BRDA:34,0,0,0
BRDA:61,1,0,1
BRDA:61,1,1,1
BRDA:92,2,0,1
BRDA:92,2,1,0
BRDA:95,3,0,1
BRDA:128,4,0,0
BRF:7
BRH:4
end_of_record
TN:
SF:src/routes/auth.routes.ts
FNF:0
FNH:0
DA:1,2
DA:2,2
DA:9,2
DA:11,2
DA:12,2
DA:13,2
DA:14,2
DA:15,2
DA:17,2
LF:9
LH:9
BRF:0
BRH:0
end_of_record
TN:
SF:src/routes/dashboard.routes.ts
FNF:0
FNH:0
DA:1,2
DA:2,2
DA:7,2
DA:8,2
DA:9,2
DA:12,2
DA:20,2
DA:28,2
DA:35,2
LF:9
LH:9
BRF:0
BRH:0
end_of_record
TN:
SF:src/routes/sensor.routes.ts
FNF:0
FNH:0
DA:1,2
DA:2,2
DA:3,2
DA:4,2
DA:5,2
DA:6,2
DA:9,2
DA:12,2
DA:13,2
DA:15,2
DA:16,2
DA:17,2
DA:18,2
DA:19,2
DA:20,2
DA:21,2
DA:22,2
DA:26,2
DA:27,2
DA:28,2
DA:29,2
DA:32,2
DA:33,2
LF:23
LH:23
BRF:0
BRH:0
end_of_record
TN:
SF:src/routes/user.routes.ts
FNF:0
FNH:0
DA:1,2
DA:2,2
DA:3,2
DA:4,2
DA:5,2
DA:7,2
DA:8,2
DA:14,2
DA:15,2
DA:16,2
LF:10
LH:10
BRF:0
BRH:0
end_of_record
TN:
SF:src/utils/tokenManager.ts
FN:5,loadActiveTokens
FN:14,saveActiveTokens
FN:17,removeActiveTokens
FN:21,getActiveToken
FN:26,setActiveToken
FN:35,removeActiveToken
FN:37,(anonymous_7)
FNF:7
FNH:6
FNDA:6,loadActiveTokens
FNDA:4,saveActiveTokens
FNDA:0,removeActiveTokens
FNDA:2,getActiveToken
FNDA:2,setActiveToken
FNDA:2,removeActiveToken
FNDA:4,(anonymous_7)
DA:1,2
DA:3,2
DA:5,2
DA:9,6
DA:10,6
DA:11,6
DA:14,2
DA:15,4
DA:17,2
DA:18,0
DA:21,2
DA:22,2
DA:23,2
DA:26,2
DA:31,2
DA:32,2
DA:33,2
DA:35,2
DA:36,2
DA:37,4
DA:38,2
DA:39,2
DA:40,2
DA:42,0
LF:24
LH:22
BRDA:9,0,0,0
BRDA:9,0,1,6
BRDA:11,1,0,6
BRDA:11,1,1,0
BRDA:38,2,0,2
BRDA:38,2,1,0
BRF:6
BRH:3
end_of_record
